Replace Part AD_IC1 AD8065ARZ in G:\(C) Admin\Altium (beta)\Multi LTC\Multi-LTC-ECG\AD8065_circuit.SchDoc with AD8065ARZ from SamacSys.SchLib
Replace Part AD_IC2 LT1920IS8#PBF in G:\(C) Admin\Altium (beta)\Multi LTC\Multi-LTC-ECG\AD8065_circuit.SchDoc with LT1920IS8#PBF from SamacSys.SchLib
Replace Part AD_IC3 AD8065ARZ in G:\(C) Admin\Altium (beta)\Multi LTC\Multi-LTC-ECG\AD8065_circuit.SchDoc with AD8065ARZ from SamacSys.SchLib
Replace Part AD_P1 Pad in G:\(C) Admin\Altium (beta)\Multi LTC\Multi-LTC-ECG\AD8065_circuit.SchDoc with Pad from SamacSys.SchLib
Replace Part AD_P2 Pad in G:\(C) Admin\Altium (beta)\Multi LTC\Multi-LTC-ECG\AD8065_circuit.SchDoc with Pad from SamacSys.SchLib
Replace Part AD_P3 Pad in G:\(C) Admin\Altium (beta)\Multi LTC\Multi-LTC-ECG\AD8065_circuit.SchDoc with Pad from SamacSys.SchLib
Replace Part AD_P4 Pad in G:\(C) Admin\Altium (beta)\Multi LTC\Multi-LTC-ECG\AD8065_circuit.SchDoc with Pad from SamacSys.SchLib
Replace Part AD_P5 Pad in G:\(C) Admin\Altium (beta)\Multi LTC\Multi-LTC-ECG\AD8065_circuit.SchDoc with Pad from SamacSys.SchLib
Replace Part AD_P6 Pad in G:\(C) Admin\Altium (beta)\Multi LTC\Multi-LTC-ECG\AD8065_circuit.SchDoc with Pad from SamacSys.SchLib
Replace Part AD_P7 Pad in G:\(C) Admin\Altium (beta)\Multi LTC\Multi-LTC-ECG\AD8065_circuit.SchDoc with Pad from SamacSys.SchLib
Replace Part AD_P8 Pad in G:\(C) Admin\Altium (beta)\Multi LTC\Multi-LTC-ECG\AD8065_circuit.SchDoc with Pad from SamacSys.SchLib
Replace Part AD_P9 Pad in G:\(C) Admin\Altium (beta)\Multi LTC\Multi-LTC-ECG\AD8065_circuit.SchDoc with Pad from SamacSys.SchLib
Replace Part AD_P10 Pad in G:\(C) Admin\Altium (beta)\Multi LTC\Multi-LTC-ECG\AD8065_circuit.SchDoc with Pad from SamacSys.SchLib
Replace Part AD_P11 Pad in G:\(C) Admin\Altium (beta)\Multi LTC\Multi-LTC-ECG\AD8065_circuit.SchDoc with Pad from SamacSys.SchLib
Replace Part AD_R1 CRG0805F270R in G:\(C) Admin\Altium (beta)\Multi LTC\Multi-LTC-ECG\AD8065_circuit.SchDoc with CRG0805F270R from SamacSys.SchLib
Replace Part AD_R2 CRG0805F4K7 in G:\(C) Admin\Altium (beta)\Multi LTC\Multi-LTC-ECG\AD8065_circuit.SchDoc with CRG0805F4K7 from SamacSys.SchLib
Replace Part AD_R3 CRGH0805F20R in G:\(C) Admin\Altium (beta)\Multi LTC\Multi-LTC-ECG\AD8065_circuit.SchDoc with CRGH0805F20R from SamacSys.SchLib
Replace Part AD_R4 CRG0805F330R in G:\(C) Admin\Altium (beta)\Multi LTC\Multi-LTC-ECG\AD8065_circuit.SchDoc with CRG0805F330R from SamacSys.SchLib
Replace Part AD_R5 CRG0805F270R in G:\(C) Admin\Altium (beta)\Multi LTC\Multi-LTC-ECG\AD8065_circuit.SchDoc with CRG0805F270R from SamacSys.SchLib
Replace Part AD_R6 CRGH0805F20R in G:\(C) Admin\Altium (beta)\Multi LTC\Multi-LTC-ECG\AD8065_circuit.SchDoc with CRGH0805F20R from SamacSys.SchLib
Replace Part AD_R7 RH73X2A10GNTN in G:\(C) Admin\Altium (beta)\Multi LTC\Multi-LTC-ECG\AD8065_circuit.SchDoc with RH73X2A10GNTN from SamacSys.SchLib
Replace Part AD_R8 RH73X2A50GNTN in G:\(C) Admin\Altium (beta)\Multi LTC\Multi-LTC-ECG\AD8065_circuit.SchDoc with RH73X2A50GNTN from SamacSys.SchLib
Replace Part AD_R9 RH73H2A100MKTN in G:\(C) Admin\Altium (beta)\Multi LTC\Multi-LTC-ECG\AD8065_circuit.SchDoc with RH73H2A100MKTN from SamacSys.SchLib
Replace Part AD_R10 RH73W2A1GNTN in G:\(C) Admin\Altium (beta)\Multi LTC\Multi-LTC-ECG\AD8065_circuit.SchDoc with RH73W2A1GNTN from SamacSys.SchLib
Replace Part AD_R11 RH73X2A50GNTN in G:\(C) Admin\Altium (beta)\Multi LTC\Multi-LTC-ECG\AD8065_circuit.SchDoc with RH73X2A50GNTN from SamacSys.SchLib
Replace Part AD_R12 RH73X2A10GNTN in G:\(C) Admin\Altium (beta)\Multi LTC\Multi-LTC-ECG\AD8065_circuit.SchDoc with RH73X2A10GNTN from SamacSys.SchLib
Replace Part AD_R13 RH73W2A1GNTN in G:\(C) Admin\Altium (beta)\Multi LTC\Multi-LTC-ECG\AD8065_circuit.SchDoc with RH73W2A1GNTN from SamacSys.SchLib
Replace Part AD_R14 RH73H2A100MKTN in G:\(C) Admin\Altium (beta)\Multi LTC\Multi-LTC-ECG\AD8065_circuit.SchDoc with RH73H2A100MKTN from SamacSys.SchLib
Replace Part AD_S1 452403012014 in G:\(C) Admin\Altium (beta)\Multi LTC\Multi-LTC-ECG\AD8065_circuit.SchDoc with 452403012014 from SamacSys.SchLib
Replace Part AD_S2 CS-4-12YA in G:\(C) Admin\Altium (beta)\Multi LTC\Multi-LTC-ECG\AD8065_circuit.SchDoc with CS-4-12YA from SamacSys.SchLib
Replace Part AD_S3 CS-7-14TB in G:\(C) Admin\Altium (beta)\Multi LTC\Multi-LTC-ECG\AD8065_circuit.SchDoc with CS-7-14TB from SamacSys.SchLib
Replace Part AD_S4 CS-7-14TB in G:\(C) Admin\Altium (beta)\Multi LTC\Multi-LTC-ECG\AD8065_circuit.SchDoc with CS-7-14TB from SamacSys.SchLib
Replace Part AD_S5 DS05-127-2-02BK-SMT-TR in G:\(C) Admin\Altium (beta)\Multi LTC\Multi-LTC-ECG\AD8065_circuit.SchDoc with DS05-127-2-02BK-SMT-TR from SamacSys.SchLib
