Change Component Footprint: Designator=AD_R3 Old Footprint=RESC2013X65N New Footprint=ERJHP6D1000V
Change Component Footprint: Designator=AD_R6 Old Footprint=RESC2013X65N New Footprint=ERJHP6D1000V
Change Component Comment : Designator=AD_R3 Old Comment=CRGH0805F20R New Comment=ERJ-HP6F20R0V
Change Component Comment : Designator=AD_R6 Old Comment=CRGH0805F20R New Comment=ERJ-HP6F20R0V
Change component parameters: Designator = "AD_R3" ("AD_R3"); Footprint = "RESC2013X65N"; UniqueID = "\IHPBNOTG" ("\IHPBNOTG")
Change component parameters (AddParameter): Name = "Arrow Part Number"; Value = ""; VariantName = "[No Variations]"
Change component parameters (AddParameter): Name = "Arrow Price/Stock"; Value = ""; VariantName = "[No Variations]"
Change component parameters (AddParameter): Name = "Datasheet Link"; Value = "http://industrial.panasonic.com/cdbs/www-data/pdf/RDQ0000/ast-ind-151033.pdf"; VariantName = "[No Variations]"
Change component parameters (AddParameter): Name = "Height"; Value = "0.7mm"; VariantName = "[No Variations]"
Change component parameters (AddParameter): Name = "Manufacturer_Name"; Value = "Panasonic"; VariantName = "[No Variations]"
Change component parameters (AddParameter): Name = "Manufacturer_Part_Number"; Value = "ERJ-HP6F20R0V"; VariantName = "[No Variations]"
Change component parameters (AddParameter): Name = "Mouser Part Number"; Value = ""; VariantName = "[No Variations]"
Change component parameters (AddParameter): Name = "Mouser Price/Stock"; Value = ""; VariantName = "[No Variations]"
Change component parameters: Designator = "AD_R6" ("AD_R6"); Footprint = "RESC2013X65N"; UniqueID = "\FSROCDFV" ("\FSROCDFV")
Change component parameters (AddParameter): Name = "Arrow Part Number"; Value = ""; VariantName = "[No Variations]"
Change component parameters (AddParameter): Name = "Arrow Price/Stock"; Value = ""; VariantName = "[No Variations]"
Change component parameters (AddParameter): Name = "Datasheet Link"; Value = "http://industrial.panasonic.com/cdbs/www-data/pdf/RDQ0000/ast-ind-151033.pdf"; VariantName = "[No Variations]"
Change component parameters (AddParameter): Name = "Height"; Value = "0.7mm"; VariantName = "[No Variations]"
Change component parameters (AddParameter): Name = "Manufacturer_Name"; Value = "Panasonic"; VariantName = "[No Variations]"
Change component parameters (AddParameter): Name = "Manufacturer_Part_Number"; Value = "ERJ-HP6F20R0V"; VariantName = "[No Variations]"
Change component parameters (AddParameter): Name = "Mouser Part Number"; Value = ""; VariantName = "[No Variations]"
Change component parameters (AddParameter): Name = "Mouser Price/Stock"; Value = ""; VariantName = "[No Variations]"
Added Member To Class: ClassName=AD8065_circuit Member=Component AD_R3 ERJ-HP6F20R0V
Added Member To Class: ClassName=AD8065_circuit Member=Component AD_R6 ERJ-HP6F20R0V
