Added Component: Designator=AD_S?(CS412YA)
Add component (AddParameter): Name = "Arrow Part Number"; Value = ""; VariantName = "[No Variations]"
Add component (AddParameter): Name = "Arrow Price/Stock"; Value = ""; VariantName = "[No Variations]"
Add component (AddParameter): Name = "Datasheet Link"; Value = "https://www.nidec-copal-electronics.com/j/product/detail/00000197/"; VariantName = "[No Variations]"
Add component (AddParameter): Name = "Height"; Value = "2.6mm"; VariantName = "[No Variations]"
Add component (AddParameter): Name = "Manufacturer_Name"; Value = "NIDEC COPAL"; VariantName = "[No Variations]"
Add component (AddParameter): Name = "Manufacturer_Part_Number"; Value = "CS-4-12YA"; VariantName = "[No Variations]"
Add component (AddParameter): Name = "Mounting Style"; Value = "SMD/SMT"; VariantName = "[No Variations]"
Add component (AddParameter): Name = "Mouser Part Number"; Value = ""; VariantName = "[No Variations]"
Add component (AddParameter): Name = "Mouser Price/Stock"; Value = ""; VariantName = "[No Variations]"
Added Pin To Net: NetName=NetAD_S?_1 Pin=AD_S?-1
Added Pin To Net: NetName=NetAD_S?_1 Pin=S?-1
Added Net: Name=NetAD_S?_1
Added Pin To Net: NetName=NetAD_S?_2 Pin=AD_S?-2
Added Pin To Net: NetName=NetAD_S?_2 Pin=S?-2
Added Net: Name=NetAD_S?_2
Added Pin To Net: NetName=NetAD_S?_3 Pin=AD_S?-3
Added Pin To Net: NetName=NetAD_S?_3 Pin=S?-C1
Added Net: Name=NetAD_S?_3
Added Member To Class: ClassName=AD8065_circuit Member=Component AD_S? CS-4-12YA
