Replace Part LIC1 LTC6268IS8-10#PBF in G:\(C) Admin\Altium (beta)\ECG circuit\LTC6268_circuit.SchDoc with LTC6268IS8-10#PBF from SamacSys.SchLib
Replace Part LIC2 LT1920IS8#PBF in G:\(C) Admin\Altium (beta)\ECG circuit\LTC6268_circuit.SchDoc with LT1920IS8#PBF from SamacSys.SchLib
Replace Part LIC3 LTC6268IS8-10#PBF in G:\(C) Admin\Altium (beta)\ECG circuit\LTC6268_circuit.SchDoc with LTC6268IS8-10#PBF from SamacSys.SchLib
Replace Part LP1 Pad in G:\(C) Admin\Altium (beta)\ECG circuit\LTC6268_circuit.SchDoc with Pad from SamacSys.SchLib
Replace Part LP2 Pad in G:\(C) Admin\Altium (beta)\ECG circuit\LTC6268_circuit.SchDoc with Pad from SamacSys.SchLib
Replace Part LP3 Pad in G:\(C) Admin\Altium (beta)\ECG circuit\LTC6268_circuit.SchDoc with Pad from SamacSys.SchLib
Replace Part LP4 Pad in G:\(C) Admin\Altium (beta)\ECG circuit\LTC6268_circuit.SchDoc with Pad from SamacSys.SchLib
Replace Part LP5 Pad in G:\(C) Admin\Altium (beta)\ECG circuit\LTC6268_circuit.SchDoc with Pad from SamacSys.SchLib
Replace Part LP6 Pad in G:\(C) Admin\Altium (beta)\ECG circuit\LTC6268_circuit.SchDoc with Pad from SamacSys.SchLib
Replace Part LP7 Pad in G:\(C) Admin\Altium (beta)\ECG circuit\LTC6268_circuit.SchDoc with Pad from SamacSys.SchLib
Replace Part LP8 Pad in G:\(C) Admin\Altium (beta)\ECG circuit\LTC6268_circuit.SchDoc with Pad from SamacSys.SchLib
Replace Part LP9 Pad in G:\(C) Admin\Altium (beta)\ECG circuit\LTC6268_circuit.SchDoc with Pad from SamacSys.SchLib
Replace Part LP10 Pad in G:\(C) Admin\Altium (beta)\ECG circuit\LTC6268_circuit.SchDoc with Pad from SamacSys.SchLib
Replace Part LP11 Pad in G:\(C) Admin\Altium (beta)\ECG circuit\LTC6268_circuit.SchDoc with Pad from SamacSys.SchLib
Replace Part LP12 Pad in G:\(C) Admin\Altium (beta)\ECG circuit\LTC6268_circuit.SchDoc with Pad from SamacSys.SchLib
Replace Part LP13 Pad in G:\(C) Admin\Altium (beta)\ECG circuit\LTC6268_circuit.SchDoc with Pad from SamacSys.SchLib
Replace Part LP14 Pad in G:\(C) Admin\Altium (beta)\ECG circuit\LTC6268_circuit.SchDoc with Pad from SamacSys.SchLib
Replace Part LR1 CRG0805F270R in G:\(C) Admin\Altium (beta)\ECG circuit\LTC6268_circuit.SchDoc with CRG0805F270R from SamacSys.SchLib
Replace Part LR2 CRG0805F4K7 in G:\(C) Admin\Altium (beta)\ECG circuit\LTC6268_circuit.SchDoc with CRG0805F4K7 from SamacSys.SchLib
Replace Part LR3 CRGH0805F20R in G:\(C) Admin\Altium (beta)\ECG circuit\LTC6268_circuit.SchDoc with CRGH0805F20R from SamacSys.SchLib
Replace Part LR4 CRG0805F330R in G:\(C) Admin\Altium (beta)\ECG circuit\LTC6268_circuit.SchDoc with CRG0805F330R from SamacSys.SchLib
Replace Part LR5 CRG0805F270R in G:\(C) Admin\Altium (beta)\ECG circuit\LTC6268_circuit.SchDoc with CRG0805F270R from SamacSys.SchLib
Replace Part LR6 CRGH0805F20R in G:\(C) Admin\Altium (beta)\ECG circuit\LTC6268_circuit.SchDoc with CRGH0805F20R from SamacSys.SchLib
Replace Part LR7 RH73X2A10GNTN in G:\(C) Admin\Altium (beta)\ECG circuit\LTC6268_circuit.SchDoc with RH73X2A10GNTN from SamacSys.SchLib
Replace Part LR8 RH73X2A50GNTN in G:\(C) Admin\Altium (beta)\ECG circuit\LTC6268_circuit.SchDoc with RH73X2A50GNTN from SamacSys.SchLib
Replace Part LR9 RH73H2A100MKTN in G:\(C) Admin\Altium (beta)\ECG circuit\LTC6268_circuit.SchDoc with RH73H2A100MKTN from SamacSys.SchLib
Replace Part LR10 RH73W2A1GNTN in G:\(C) Admin\Altium (beta)\ECG circuit\LTC6268_circuit.SchDoc with RH73W2A1GNTN from SamacSys.SchLib
Replace Part LR11 RH73X2A50GNTN in G:\(C) Admin\Altium (beta)\ECG circuit\LTC6268_circuit.SchDoc with RH73X2A50GNTN from SamacSys.SchLib
Replace Part LR12 RH73X2A10GNTN in G:\(C) Admin\Altium (beta)\ECG circuit\LTC6268_circuit.SchDoc with RH73X2A10GNTN from SamacSys.SchLib
Replace Part LR13 RH73W2A1GNTN in G:\(C) Admin\Altium (beta)\ECG circuit\LTC6268_circuit.SchDoc with RH73W2A1GNTN from SamacSys.SchLib
Replace Part LR14 RH73H2A100MKTN in G:\(C) Admin\Altium (beta)\ECG circuit\LTC6268_circuit.SchDoc with RH73H2A100MKTN from SamacSys.SchLib
Replace Part LS1 452403012014 in G:\(C) Admin\Altium (beta)\ECG circuit\LTC6268_circuit.SchDoc with 452403012014 from SamacSys.SchLib
Replace Part LS2 CS-4-12YA in G:\(C) Admin\Altium (beta)\ECG circuit\LTC6268_circuit.SchDoc with CS-4-12YA from SamacSys.SchLib
Replace Part LS3 CS-7-14TB in G:\(C) Admin\Altium (beta)\ECG circuit\LTC6268_circuit.SchDoc with CS-7-14TB from SamacSys.SchLib
Replace Part LS4 CS-7-14TB in G:\(C) Admin\Altium (beta)\ECG circuit\LTC6268_circuit.SchDoc with CS-7-14TB from SamacSys.SchLib
Replace Part LS5 DS05-127-2-02BK-SMT-TR in G:\(C) Admin\Altium (beta)\ECG circuit\LTC6268_circuit.SchDoc with DS05-127-2-02BK-SMT-TR from SamacSys.SchLib
