Change Component Designator: OldDesignator=R1 NewDesignator=-A1
Change Component Designator: OldDesignator=R2 NewDesignator=-A2
Change Component Designator: OldDesignator=R3 NewDesignator=-A3
Change Component Designator: OldDesignator=R8 NewDesignator=G1
Change Component Designator: OldDesignator=R9 NewDesignator=G2
Change Component Designator: OldDesignator=R11 NewDesignator=G3
Change Component Designator: OldDesignator=R12 NewDesignator=G4
Change Component Designator: OldDesignator=R17 NewDesignator=Gc1
Change Component Designator: OldDesignator=R19 NewDesignator=Gc2
Change Component Designator: OldDesignator=R20 NewDesignator=Gc3
Change Net Name : Old Net Name=NetIC2_8 New Net Name=NetG1_2
Change Net Name : Old Net Name=NetIC3_2 New Net Name=NetGc1_2
Change Net Name : Old Net Name=NetR1_2 New Net Name=Net-A1_2
Change Net Name : Old Net Name=NetR2_2 New Net Name=Net-A2_2
Change Net Name : Old Net Name=NetR3_2 New Net Name=Net-A3_2
Change Net Name : Old Net Name=NetR8_1 New Net Name=NetG1_1
Change Net Name : Old Net Name=NetR9_1 New Net Name=NetG2_1
Change Net Name : Old Net Name=NetR11_1 New Net Name=NetG3_1
Change Net Name : Old Net Name=NetR12_1 New Net Name=NetG4_1
Change Net Name : Old Net Name=NetR17_1 New Net Name=NetGc1_1
Change Net Name : Old Net Name=NetR19_1 New Net Name=NetGc2_1
Change Net Name : Old Net Name=NetR20_1 New Net Name=NetGc3_1
