Change Component Designator: OldDesignator=-A1 NewDesignator=R1
Change Component Designator: OldDesignator=-A2 NewDesignator=R2
Change Component Designator: OldDesignator=-A3 NewDesignator=R3
Change Component Designator: OldDesignator=G1 NewDesignator=R8
Change Component Designator: OldDesignator=G2 NewDesignator=R9
Change Component Designator: OldDesignator=G3 NewDesignator=R11
Change Component Designator: OldDesignator=G4 NewDesignator=R12
Change Component Designator: OldDesignator=Gc1 NewDesignator=R17
Change Component Designator: OldDesignator=Gc2 NewDesignator=R19
Change Component Designator: OldDesignator=Gc3 NewDesignator=R20
Change Net Name : Old Net Name=Net-A1_2 New Net Name=NetR1_2
Change Net Name : Old Net Name=Net-A2_2 New Net Name=NetR2_2
Change Net Name : Old Net Name=Net-A3_2 New Net Name=NetR3_2
Change Net Name : Old Net Name=NetG1_1 New Net Name=NetR8_1
Change Net Name : Old Net Name=NetG1_2 New Net Name=NetIC2_8
Change Net Name : Old Net Name=NetG2_1 New Net Name=NetR9_1
Change Net Name : Old Net Name=NetG3_1 New Net Name=NetR11_1
Change Net Name : Old Net Name=NetG4_1 New Net Name=NetR12_1
Change Net Name : Old Net Name=NetGc1_1 New Net Name=NetR17_1
Change Net Name : Old Net Name=NetGc1_2 New Net Name=NetIC3_2
Change Net Name : Old Net Name=NetGc2_1 New Net Name=NetR19_1
Change Net Name : Old Net Name=NetGc3_1 New Net Name=NetR20_1
