Replace Part C1 GRM2195C2A333JE01D in G:\(C) Admin\Altium (beta)\Multi LT circuit\Multi_LT_circuit.SchDoc with GRM2195C2A333JE01D from SamacSys.SchLib
Replace Part C2 GRM2195C2A333JE01D in G:\(C) Admin\Altium (beta)\Multi LT circuit\Multi_LT_circuit.SchDoc with GRM2195C2A333JE01D from SamacSys.SchLib
Replace Part IC1 LTC6268IS8-10#PBF in G:\(C) Admin\Altium (beta)\Multi LT circuit\Multi_LT_circuit.SchDoc with LTC6268IS8-10#PBF from SamacSys.SchLib
Replace Part IC2 LT1920IS8#PBF in G:\(C) Admin\Altium (beta)\Multi LT circuit\Multi_LT_circuit.SchDoc with LT1920IS8#PBF from SamacSys.SchLib
Replace Part IC3 LTC6268IS8-10#PBF in G:\(C) Admin\Altium (beta)\Multi LT circuit\Multi_LT_circuit.SchDoc with LTC6268IS8-10#PBF from SamacSys.SchLib
Replace Part IC4 LTC2066HSC6#TRMPBF in G:\(C) Admin\Altium (beta)\Multi LT circuit\Multi_LT_circuit.SchDoc with LTC2066HSC6#TRMPBF from SamacSys.SchLib
Replace Part IC5 LTC2066HSC6#TRMPBF in G:\(C) Admin\Altium (beta)\Multi LT circuit\Multi_LT_circuit.SchDoc with LTC2066HSC6#TRMPBF from SamacSys.SchLib
Replace Part IC? LTC2066HSC6#TRMPBF in G:\(C) Admin\Altium (beta)\Multi LT circuit\Multi_LT_circuit.SchDoc with LTC2066HSC6#TRMPBF from SamacSys.SchLib
Replace Part IC? LTC2066HSC6#TRMPBF in G:\(C) Admin\Altium (beta)\Multi LT circuit\Multi_LT_circuit.SchDoc with LTC2066HSC6#TRMPBF from SamacSys.SchLib
Replace Part IC? LTC2066HSC6#TRMPBF in G:\(C) Admin\Altium (beta)\Multi LT circuit\Multi_LT_circuit.SchDoc with LTC2066HSC6#TRMPBF from SamacSys.SchLib
Replace Part P1 Pad in G:\(C) Admin\Altium (beta)\Multi LT circuit\Multi_LT_circuit.SchDoc with Pad from SamacSys.SchLib
Replace Part P2 Pad in G:\(C) Admin\Altium (beta)\Multi LT circuit\Multi_LT_circuit.SchDoc with Pad from SamacSys.SchLib
Replace Part P3 Pad in G:\(C) Admin\Altium (beta)\Multi LT circuit\Multi_LT_circuit.SchDoc with Pad from SamacSys.SchLib
Replace Part P4 Pad in G:\(C) Admin\Altium (beta)\Multi LT circuit\Multi_LT_circuit.SchDoc with Pad from SamacSys.SchLib
Replace Part P5 Pad in G:\(C) Admin\Altium (beta)\Multi LT circuit\Multi_LT_circuit.SchDoc with Pad from SamacSys.SchLib
Replace Part P6 Pad in G:\(C) Admin\Altium (beta)\Multi LT circuit\Multi_LT_circuit.SchDoc with Pad from SamacSys.SchLib
Replace Part P7 Pad in G:\(C) Admin\Altium (beta)\Multi LT circuit\Multi_LT_circuit.SchDoc with Pad from SamacSys.SchLib
Replace Part P8 Pad in G:\(C) Admin\Altium (beta)\Multi LT circuit\Multi_LT_circuit.SchDoc with Pad from SamacSys.SchLib
Replace Part P9 Pad in G:\(C) Admin\Altium (beta)\Multi LT circuit\Multi_LT_circuit.SchDoc with Pad from SamacSys.SchLib
Replace Part P10 Pad in G:\(C) Admin\Altium (beta)\Multi LT circuit\Multi_LT_circuit.SchDoc with Pad from SamacSys.SchLib
Replace Part P11 Pad in G:\(C) Admin\Altium (beta)\Multi LT circuit\Multi_LT_circuit.SchDoc with Pad from SamacSys.SchLib
Replace Part P? Pad in G:\(C) Admin\Altium (beta)\Multi LT circuit\Multi_LT_circuit.SchDoc with Pad from SamacSys.SchLib
Replace Part R1 CRF0805-FZ-R002ELF in G:\(C) Admin\Altium (beta)\Multi LT circuit\Multi_LT_circuit.SchDoc with CRF0805-FZ-R002ELF from SamacSys.SchLib
Replace Part R2 CRF0805-FZ-R002ELF in G:\(C) Admin\Altium (beta)\Multi LT circuit\Multi_LT_circuit.SchDoc with CRF0805-FZ-R002ELF from SamacSys.SchLib
Replace Part R3 CRF0805-FZ-R002ELF in G:\(C) Admin\Altium (beta)\Multi LT circuit\Multi_LT_circuit.SchDoc with CRF0805-FZ-R002ELF from SamacSys.SchLib
Replace Part R4 CRF0805-FZ-R002ELF in G:\(C) Admin\Altium (beta)\Multi LT circuit\Multi_LT_circuit.SchDoc with CRF0805-FZ-R002ELF from SamacSys.SchLib
Replace Part R5 CRF0805-FZ-R002ELF in G:\(C) Admin\Altium (beta)\Multi LT circuit\Multi_LT_circuit.SchDoc with CRF0805-FZ-R002ELF from SamacSys.SchLib
Replace Part R6 CRF0805-FZ-R002ELF in G:\(C) Admin\Altium (beta)\Multi LT circuit\Multi_LT_circuit.SchDoc with CRF0805-FZ-R002ELF from SamacSys.SchLib
Replace Part R7 CRF0805-FZ-R002ELF in G:\(C) Admin\Altium (beta)\Multi LT circuit\Multi_LT_circuit.SchDoc with CRF0805-FZ-R002ELF from SamacSys.SchLib
Replace Part R8 CRF0805-FZ-R002ELF in G:\(C) Admin\Altium (beta)\Multi LT circuit\Multi_LT_circuit.SchDoc with CRF0805-FZ-R002ELF from SamacSys.SchLib
Replace Part R9 CRF0805-FZ-R002ELF in G:\(C) Admin\Altium (beta)\Multi LT circuit\Multi_LT_circuit.SchDoc with CRF0805-FZ-R002ELF from SamacSys.SchLib
Replace Part R10 CRF0805-FZ-R002ELF in G:\(C) Admin\Altium (beta)\Multi LT circuit\Multi_LT_circuit.SchDoc with CRF0805-FZ-R002ELF from SamacSys.SchLib
Replace Part R11 CRF0805-FZ-R002ELF in G:\(C) Admin\Altium (beta)\Multi LT circuit\Multi_LT_circuit.SchDoc with CRF0805-FZ-R002ELF from SamacSys.SchLib
Replace Part R12 CRF0805-FZ-R002ELF in G:\(C) Admin\Altium (beta)\Multi LT circuit\Multi_LT_circuit.SchDoc with CRF0805-FZ-R002ELF from SamacSys.SchLib
Replace Part R13 CRF0805-FZ-R002ELF in G:\(C) Admin\Altium (beta)\Multi LT circuit\Multi_LT_circuit.SchDoc with CRF0805-FZ-R002ELF from SamacSys.SchLib
Replace Part R14 CRF0805-FZ-R002ELF in G:\(C) Admin\Altium (beta)\Multi LT circuit\Multi_LT_circuit.SchDoc with CRF0805-FZ-R002ELF from SamacSys.SchLib
Replace Part R15 CRF0805-FZ-R002ELF in G:\(C) Admin\Altium (beta)\Multi LT circuit\Multi_LT_circuit.SchDoc with CRF0805-FZ-R002ELF from SamacSys.SchLib
Replace Part R16 CRF0805-FZ-R002ELF in G:\(C) Admin\Altium (beta)\Multi LT circuit\Multi_LT_circuit.SchDoc with CRF0805-FZ-R002ELF from SamacSys.SchLib
Replace Part R17 CRF0805-FZ-R002ELF in G:\(C) Admin\Altium (beta)\Multi LT circuit\Multi_LT_circuit.SchDoc with CRF0805-FZ-R002ELF from SamacSys.SchLib
Replace Part R18 CRF0805-FZ-R002ELF in G:\(C) Admin\Altium (beta)\Multi LT circuit\Multi_LT_circuit.SchDoc with CRF0805-FZ-R002ELF from SamacSys.SchLib
Replace Part R? CRG0805F100K in G:\(C) Admin\Altium (beta)\Multi LT circuit\Multi_LT_circuit.SchDoc with CRG0805F100K from SamacSys.SchLib
Replace Part R? CRG0805F100K in G:\(C) Admin\Altium (beta)\Multi LT circuit\Multi_LT_circuit.SchDoc with CRG0805F100K from SamacSys.SchLib
Replace Part R? CRG0805F100K in G:\(C) Admin\Altium (beta)\Multi LT circuit\Multi_LT_circuit.SchDoc with CRG0805F100K from SamacSys.SchLib
Replace Part R? CRGH0805F1M0 in G:\(C) Admin\Altium (beta)\Multi LT circuit\Multi_LT_circuit.SchDoc with CRGH0805F1M0 from SamacSys.SchLib
Replace Part R? CRGH0805F10K in G:\(C) Admin\Altium (beta)\Multi LT circuit\Multi_LT_circuit.SchDoc with CRGH0805F10K from SamacSys.SchLib
Replace Part R? CRGH0805F1K0 in G:\(C) Admin\Altium (beta)\Multi LT circuit\Multi_LT_circuit.SchDoc with CRGH0805F1K0 from SamacSys.SchLib
Replace Part S1 CS-4-12YA in G:\(C) Admin\Altium (beta)\Multi LT circuit\Multi_LT_circuit.SchDoc with CS-4-12YA from SamacSys.SchLib
Replace Part S2 CS-4-14NA in G:\(C) Admin\Altium (beta)\Multi LT circuit\Multi_LT_circuit.SchDoc with CS-4-14NA from SamacSys.SchLib
Replace Part S3 CS-4-14NA in G:\(C) Admin\Altium (beta)\Multi LT circuit\Multi_LT_circuit.SchDoc with CS-4-14NA from SamacSys.SchLib
Replace Part S4 CS-4-14NA in G:\(C) Admin\Altium (beta)\Multi LT circuit\Multi_LT_circuit.SchDoc with CS-4-14NA from SamacSys.SchLib
Replace Part S5 CS-4-22YA in G:\(C) Admin\Altium (beta)\Multi LT circuit\Multi_LT_circuit.SchDoc with CS-4-22YA from SamacSys.SchLib
Replace Part S6 CS-4-14NA in G:\(C) Admin\Altium (beta)\Multi LT circuit\Multi_LT_circuit.SchDoc with CS-4-14NA from SamacSys.SchLib
Replace Part S? CS-4-14NA in G:\(C) Admin\Altium (beta)\Multi LT circuit\Multi_LT_circuit.SchDoc with CS-4-14NA from SamacSys.SchLib
Replace Part S? CS-4-14NA in G:\(C) Admin\Altium (beta)\Multi LT circuit\Multi_LT_circuit.SchDoc with CS-4-14NA from SamacSys.SchLib
