Change Component Designator: OldDesignator=C1 NewDesignator=C23
Change Component Designator: OldDesignator=C2 NewDesignator=C24
Change Component Designator: OldDesignator=C3 NewDesignator=C25
Change Component Designator: OldDesignator=C4 NewDesignator=C26
Change Component Designator: OldDesignator=C5 NewDesignator=C1
Change Component Designator: OldDesignator=C6 NewDesignator=C2
Change Component Designator: OldDesignator=C7 NewDesignator=C3
Change Component Designator: OldDesignator=C8 NewDesignator=C4
Change Component Designator: OldDesignator=C9 NewDesignator=C5
Change Component Designator: OldDesignator=C10 NewDesignator=C6
Change Component Designator: OldDesignator=C11 NewDesignator=C7
Change Component Designator: OldDesignator=C12 NewDesignator=C8
Change Component Designator: OldDesignator=C13 NewDesignator=C9
Change Component Designator: OldDesignator=C14 NewDesignator=C10
Change Component Designator: OldDesignator=C15 NewDesignator=C11
Change Component Designator: OldDesignator=C16 NewDesignator=C12
Change Component Designator: OldDesignator=C17 NewDesignator=C13
Change Component Designator: OldDesignator=C18 NewDesignator=C14
Change Component Designator: OldDesignator=C19 NewDesignator=C15
Change Component Designator: OldDesignator=C20 NewDesignator=C16
Change Component Designator: OldDesignator=C21 NewDesignator=C19
Change Component Designator: OldDesignator=C22 NewDesignator=C20
Change Component Designator: OldDesignator=P2 NewDesignator=P3
Change Component Designator: OldDesignator=P3 NewDesignator=P15
Change Component Designator: OldDesignator=P4 NewDesignator=P16
Change Component Designator: OldDesignator=P6 NewDesignator=P7
Change Component Designator: OldDesignator=P7 NewDesignator=P17
Change Component Designator: OldDesignator=P8 NewDesignator=P9
Change Component Designator: OldDesignator=P9 NewDesignator=P11
Change Component Designator: OldDesignator=P10 NewDesignator=P18
Change Component Designator: OldDesignator=P11 NewDesignator=P19
Change Component Designator: OldDesignator=P13 NewDesignator=P14
Change Component Designator: OldDesignator=P14 NewDesignator=P2
Change Component Designator: OldDesignator=P15 NewDesignator=P6
Change Component Designator: OldDesignator=P16 NewDesignator=P4
Change Component Designator: OldDesignator=P17 NewDesignator=P10
Change Component Designator: OldDesignator=P18 NewDesignator=P8
Change Component Designator: OldDesignator=P19 NewDesignator=P13
Change Component Designator: OldDesignator=R1 NewDesignator=R7
Change Component Designator: OldDesignator=R2 NewDesignator=R8
Change Component Designator: OldDesignator=R3 NewDesignator=R9
Change Component Designator: OldDesignator=R4 NewDesignator=R10
Change Component Designator: OldDesignator=R5 NewDesignator=R11
Change Component Designator: OldDesignator=R6 NewDesignator=R12
Change Component Designator: OldDesignator=R7 NewDesignator=R13
Change Component Designator: OldDesignator=R8 NewDesignator=R14
Change Component Designator: OldDesignator=R9 NewDesignator=R15
Change Component Designator: OldDesignator=R10 NewDesignator=R16
Change Component Designator: OldDesignator=R11 NewDesignator=R17
Change Component Designator: OldDesignator=R12 NewDesignator=R18
Change Component Designator: OldDesignator=R13 NewDesignator=R19
Change Component Designator: OldDesignator=R14 NewDesignator=R20
Change Component Designator: OldDesignator=R15 NewDesignator=R21
Change Component Designator: OldDesignator=R16 NewDesignator=R22
Change Component Designator: OldDesignator=R17 NewDesignator=R23
Change Component Designator: OldDesignator=R18 NewDesignator=R24
Change Component Designator: OldDesignator=R19 NewDesignator=R25
Change Component Designator: OldDesignator=R20 NewDesignator=R26
Change Component Designator: OldDesignator=R21 NewDesignator=R27
Change Component Designator: OldDesignator=R22 NewDesignator=R28
Change Component Designator: OldDesignator=R23 NewDesignator=R29
Change Component Designator: OldDesignator=R24 NewDesignator=R30
Change Component Designator: OldDesignator=R25 NewDesignator=R31
Change Component Designator: OldDesignator=R26 NewDesignator=R32
Change Component Designator: OldDesignator=R27 NewDesignator=R33
Change Component Designator: OldDesignator=R28 NewDesignator=R34
Change Component Designator: OldDesignator=R29 NewDesignator=R35
Change Component Designator: OldDesignator=R30 NewDesignator=R36
Change Component Designator: OldDesignator=R31 NewDesignator=R37
Change Component Designator: OldDesignator=R32 NewDesignator=R38
Change Component Designator: OldDesignator=R33 NewDesignator=R39
Change Component Designator: OldDesignator=R34 NewDesignator=R40
Change Component Designator: OldDesignator=R35 NewDesignator=R41
Change Component Designator: OldDesignator=R36 NewDesignator=R42
Change Component Designator: OldDesignator=R37 NewDesignator=R3
Change Component Designator: OldDesignator=R38 NewDesignator=R2
Change Component Designator: OldDesignator=R39 NewDesignator=R1
Change Component Designator: OldDesignator=R40 NewDesignator=R4
Change Component Designator: OldDesignator=R41 NewDesignator=R5
Change Component Designator: OldDesignator=R42 NewDesignator=R6
Change Component Designator: OldDesignator=S1 NewDesignator=S3
Change Component Designator: OldDesignator=S2 NewDesignator=S4
Change Component Designator: OldDesignator=S3 NewDesignator=S5
Change Component Designator: OldDesignator=S4 NewDesignator=S6
Change Component Designator: OldDesignator=S5 NewDesignator=S7
Change Component Designator: OldDesignator=S6 NewDesignator=S8
Change Component Designator: OldDesignator=S7 NewDesignator=S9
Change Component Designator: OldDesignator=S8 NewDesignator=S10
Change Component Designator: OldDesignator=S9 NewDesignator=S11
Change Component Designator: OldDesignator=S10 NewDesignator=S1
Change Component Designator: OldDesignator=S11 NewDesignator=S2
Added Component: Designator=C17(CAPC2012X140N)
Add component (AddParameter): Name = "Arrow Part Number"; Value = ""; VariantName = "[No Variations]"
Add component (AddParameter): Name = "Arrow Price/Stock"; Value = ""; VariantName = "[No Variations]"
Add component (AddParameter): Name = "Datasheet Link"; Value = "https://www.murata.com/en-global/api/pdfdownloadapi?cate=luCeramicCapacitorsSMD&partno=GCM21BD70J106KE02%23"; VariantName = "[No Variations]"
Add component (AddParameter): Name = "Height"; Value = "1.4mm"; VariantName = "[No Variations]"
Add component (AddParameter): Name = "Manufacturer_Name"; Value = "Murata Electronics"; VariantName = "[No Variations]"
Add component (AddParameter): Name = "Manufacturer_Part_Number"; Value = "GCM21BD70J106KE02K"; VariantName = "[No Variations]"
Add component (AddParameter): Name = "Mouser Part Number"; Value = "81-GCM21BD70J106KE2K"; VariantName = "[No Variations]"
Add component (AddParameter): Name = "Mouser Price/Stock"; Value = "https://www.mouser.co.uk/ProductDetail/Murata-Electronics/GCM21BD70J106KE02K?qs=ufv2HEpFn%252BR%2FX0aJNPDpRg%3D%3D"; VariantName = "[No Variations]"
Added Component: Designator=C18(CAPC2012X140N)
Add component (AddParameter): Name = "Arrow Part Number"; Value = ""; VariantName = "[No Variations]"
Add component (AddParameter): Name = "Arrow Price/Stock"; Value = ""; VariantName = "[No Variations]"
Add component (AddParameter): Name = "Datasheet Link"; Value = "https://www.murata.com/en-global/api/pdfdownloadapi?cate=luCeramicCapacitorsSMD&partno=GCM21BD70J106KE02%23"; VariantName = "[No Variations]"
Add component (AddParameter): Name = "Height"; Value = "1.4mm"; VariantName = "[No Variations]"
Add component (AddParameter): Name = "Manufacturer_Name"; Value = "Murata Electronics"; VariantName = "[No Variations]"
Add component (AddParameter): Name = "Manufacturer_Part_Number"; Value = "GCM21BD70J106KE02K"; VariantName = "[No Variations]"
Add component (AddParameter): Name = "Mouser Part Number"; Value = "81-GCM21BD70J106KE2K"; VariantName = "[No Variations]"
Add component (AddParameter): Name = "Mouser Price/Stock"; Value = "https://www.mouser.co.uk/ProductDetail/Murata-Electronics/GCM21BD70J106KE02K?qs=ufv2HEpFn%252BR%2FX0aJNPDpRg%3D%3D"; VariantName = "[No Variations]"
Added Component: Designator=C21(CAPC2012X140N)
Add component (AddParameter): Name = "Arrow Part Number"; Value = ""; VariantName = "[No Variations]"
Add component (AddParameter): Name = "Arrow Price/Stock"; Value = ""; VariantName = "[No Variations]"
Add component (AddParameter): Name = "Datasheet Link"; Value = "https://www.murata.com/en-global/api/pdfdownloadapi?cate=luCeramicCapacitorsSMD&partno=GCM21BD70J106KE02%23"; VariantName = "[No Variations]"
Add component (AddParameter): Name = "Height"; Value = "1.4mm"; VariantName = "[No Variations]"
Add component (AddParameter): Name = "Manufacturer_Name"; Value = "Murata Electronics"; VariantName = "[No Variations]"
Add component (AddParameter): Name = "Manufacturer_Part_Number"; Value = "GCM21BD70J106KE02K"; VariantName = "[No Variations]"
Add component (AddParameter): Name = "Mouser Part Number"; Value = "81-GCM21BD70J106KE2K"; VariantName = "[No Variations]"
Add component (AddParameter): Name = "Mouser Price/Stock"; Value = "https://www.mouser.co.uk/ProductDetail/Murata-Electronics/GCM21BD70J106KE02K?qs=ufv2HEpFn%252BR%2FX0aJNPDpRg%3D%3D"; VariantName = "[No Variations]"
Added Component: Designator=C22(CAPC2012X140N)
Add component (AddParameter): Name = "Arrow Part Number"; Value = ""; VariantName = "[No Variations]"
Add component (AddParameter): Name = "Arrow Price/Stock"; Value = ""; VariantName = "[No Variations]"
Add component (AddParameter): Name = "Datasheet Link"; Value = "https://www.murata.com/en-global/api/pdfdownloadapi?cate=luCeramicCapacitorsSMD&partno=GCM21BD70J106KE02%23"; VariantName = "[No Variations]"
Add component (AddParameter): Name = "Height"; Value = "1.4mm"; VariantName = "[No Variations]"
Add component (AddParameter): Name = "Manufacturer_Name"; Value = "Murata Electronics"; VariantName = "[No Variations]"
Add component (AddParameter): Name = "Manufacturer_Part_Number"; Value = "GCM21BD70J106KE02K"; VariantName = "[No Variations]"
Add component (AddParameter): Name = "Mouser Part Number"; Value = "81-GCM21BD70J106KE2K"; VariantName = "[No Variations]"
Add component (AddParameter): Name = "Mouser Price/Stock"; Value = "https://www.mouser.co.uk/ProductDetail/Murata-Electronics/GCM21BD70J106KE02K?qs=ufv2HEpFn%252BR%2FX0aJNPDpRg%3D%3D"; VariantName = "[No Variations]"
Added Pin To Net: NetName=GND Pin=C17-1
Added Pin To Net: NetName=-2.5V Pin=C17-2
Added Pin To Net: NetName=GND Pin=C18-1
Added Pin To Net: NetName=-2.5V Pin=C18-2
Added Pin To Net: NetName=GND Pin=C21-1
Added Pin To Net: NetName=GND Pin=C22-1
Change Net Name : Old Net Name=NetC1_2 New Net Name=NetC23_2
Change Net Name : Old Net Name=NetC2_1 New Net Name=NetC24_1
Change Net Name : Old Net Name=NetC2_2 New Net Name=NetC24_2
Change Net Name : Old Net Name=NetC3_2 New Net Name=NetC25_2
Change Net Name : Old Net Name=NetC4_1 New Net Name=NetC26_1
Change Net Name : Old Net Name=NetC4_2 New Net Name=NetC26_2
Change Net Name : Old Net Name=NetR2_1 New Net Name=NetR8_1
Change Net Name : Old Net Name=NetR3_1 New Net Name=NetR9_1
Change Net Name : Old Net Name=NetR5_1 New Net Name=NetR11_1
Change Net Name : Old Net Name=NetR6_1 New Net Name=NetR12_1
Change Net Name : Old Net Name=NetR7_1 New Net Name=NetR13_1
Change Net Name : Old Net Name=NetR11_1 New Net Name=NetR17_1
Change Net Name : Old Net Name=NetR13_1 New Net Name=NetR19_1
Change Net Name : Old Net Name=NetR14_1 New Net Name=NetR20_1
Change Net Name : Old Net Name=NetR15_1 New Net Name=NetR21_1
Change Net Name : Old Net Name=NetR16_1 New Net Name=NetR22_1
Change Net Name : Old Net Name=NetR17_1 New Net Name=NetR23_1
Change Net Name : Old Net Name=NetR18_1 New Net Name=NetR24_1
Change Net Name : Old Net Name=NetR19_1 New Net Name=NetR25_1
Change Net Name : Old Net Name=NetR20_1 New Net Name=NetR26_1
Change Net Name : Old Net Name=NetR21_1 New Net Name=NetR27_1
Change Net Name : Old Net Name=NetR22_1 New Net Name=NetR28_1
Change Net Name : Old Net Name=NetR23_1 New Net Name=NetR29_1
Change Net Name : Old Net Name=NetR24_1 New Net Name=NetR30_1
Change Net Name : Old Net Name=NetR26_1 New Net Name=NetR32_1
Change Net Name : Old Net Name=NetR27_2 New Net Name=NetR33_2
Change Net Name : Old Net Name=NetR28_1 New Net Name=NetR34_1
Change Net Name : Old Net Name=NetR29_2 New Net Name=NetR35_2
Change Net Name : Old Net Name=NetR30_1 New Net Name=NetR36_1
Change Net Name : Old Net Name=NetR31_2 New Net Name=NetR37_2
Change Net Name : Old Net Name=NetR32_1 New Net Name=NetR38_1
Change Net Name : Old Net Name=NetR33_1 New Net Name=NetR39_1
Change Net Name : Old Net Name=NetR35_1 New Net Name=NetR41_1
Change Net Name : Old Net Name=NetR36_1 New Net Name=NetR42_1
Change Net Name : Old Net Name=NetR37_2 New Net Name=NetR3_2
Change Net Name : Old Net Name=NetR38_2 New Net Name=NetR2_2
Change Net Name : Old Net Name=NetR39_2 New Net Name=NetR1_2
Change Net Name : Old Net Name=NetR40_2 New Net Name=NetR4_2
Change Net Name : Old Net Name=NetR41_2 New Net Name=NetR5_2
Change Net Name : Old Net Name=NetR42_2 New Net Name=NetR6_2
Added Pin To Net: NetName=NetC21_2 Pin=C21-2
Added Pin To Net: NetName=NetC21_2 Pin=C22-2
Added Net: Name=NetC21_2
Added Member To Class: ClassName=Multi_LT_circuit Member=Component C23 GCM21BD70J106KE02K
Added Member To Class: ClassName=Multi_LT_circuit Member=Component C24 GCM21BD70J106KE02K
Added Member To Class: ClassName=Multi_LT_circuit Member=Component C25 GCM21BD70J106KE02K
Added Member To Class: ClassName=Multi_LT_circuit Member=Component C26 GCM21BD70J106KE02K
