Change Component DesignItemId : Designator=C2 Old DesignItemId=GCM21BD70J106KE02K New DesignItemId=GCJ21BR72A104KA01K
Change Component DesignItemId : Designator=C4 Old DesignItemId=GCM21BD70J106KE02K New DesignItemId=GCJ21BR72A104KA01K
Change Component DesignItemId : Designator=C6 Old DesignItemId=GCM21BD70J106KE02K New DesignItemId=GCJ21BR72A104KA01K
Change Component DesignItemId : Designator=C8 Old DesignItemId=GCM21BD70J106KE02K New DesignItemId=GCJ21BR72A104KA01K
Change Component DesignItemId : Designator=C10 Old DesignItemId=GCM21BD70J106KE02K New DesignItemId=GCJ21BR72A104KA01K
Change Component DesignItemId : Designator=C12 Old DesignItemId=GCM21BD70J106KE02K New DesignItemId=GCJ21BR72A104KA01K
Change Component DesignItemId : Designator=C14 Old DesignItemId=GCM21BD70J106KE02K New DesignItemId=GCJ21BR72A104KA01K
Change Component DesignItemId : Designator=C16 Old DesignItemId=GCM21BD70J106KE02K New DesignItemId=GCJ21BR72A104KA01K
Change Component DesignItemId : Designator=C18 Old DesignItemId=GCM21BD70J106KE02K New DesignItemId=GCJ21BR72A104KA01K
Change Component DesignItemId : Designator=C20 Old DesignItemId=GCM21BD70J106KE02K New DesignItemId=GCJ21BR72A104KA01K
Change Component DesignItemId : Designator=C22 Old DesignItemId=GCM21BD70J106KE02K New DesignItemId=GCJ21BR72A104KA01K
Change Component DesignItemId : Designator=C24 Old DesignItemId=GCM21BD70J106KE02K New DesignItemId=GCJ21BR72A104KA01K
Change Component DesignItemId : Designator=C26 Old DesignItemId=GCM21BD70J106KE02K New DesignItemId=GCJ21BR72A104KA01K
Change Component DesignItemId : Designator=C28 Old DesignItemId=GCM21BD70J106KE02K New DesignItemId=GCJ21BR72A104KA01K
Change Component DesignItemId : Designator=C30 Old DesignItemId=GCM21BD70J106KE02K New DesignItemId=GCJ21BR72A104KA01K
Change Component DesignItemId : Designator=C32 Old DesignItemId=GCM21BD70J106KE02K New DesignItemId=GCJ21BR72A104KA01K
Change Component Footprint: Designator=C2 Old Footprint=CAPC2012X140N New Footprint=CAPC2012X150N
Change Component Footprint: Designator=C4 Old Footprint=CAPC2012X140N New Footprint=CAPC2012X150N
Change Component Footprint: Designator=C6 Old Footprint=CAPC2012X140N New Footprint=CAPC2012X150N
Change Component Footprint: Designator=C8 Old Footprint=CAPC2012X140N New Footprint=CAPC2012X150N
Change Component Footprint: Designator=C10 Old Footprint=CAPC2012X140N New Footprint=CAPC2012X150N
Change Component Footprint: Designator=C12 Old Footprint=CAPC2012X140N New Footprint=CAPC2012X150N
Change Component Footprint: Designator=C14 Old Footprint=CAPC2012X140N New Footprint=CAPC2012X150N
Change Component Footprint: Designator=C16 Old Footprint=CAPC2012X140N New Footprint=CAPC2012X150N
Change Component Footprint: Designator=C18 Old Footprint=CAPC2012X140N New Footprint=CAPC2012X150N
Change Component Footprint: Designator=C20 Old Footprint=CAPC2012X140N New Footprint=CAPC2012X150N
Change Component Footprint: Designator=C22 Old Footprint=CAPC2012X140N New Footprint=CAPC2012X150N
Change Component Footprint: Designator=C24 Old Footprint=CAPC2012X140N New Footprint=CAPC2012X150N
Change Component Footprint: Designator=C26 Old Footprint=CAPC2012X140N New Footprint=CAPC2012X150N
Change Component Footprint: Designator=C28 Old Footprint=CAPC2012X140N New Footprint=CAPC2012X150N
Change Component Footprint: Designator=C30 Old Footprint=CAPC2012X140N New Footprint=CAPC2012X150N
Change Component Footprint: Designator=C32 Old Footprint=CAPC2012X140N New Footprint=CAPC2012X150N
Change Component Comment : Designator=C2 Old Comment=GCM21BD70J106KE02K New Comment=GCJ21BR72A104KA01K
Change Component Comment : Designator=C4 Old Comment=GCM21BD70J106KE02K New Comment=GCJ21BR72A104KA01K
Change Component Comment : Designator=C6 Old Comment=GCM21BD70J106KE02K New Comment=GCJ21BR72A104KA01K
Change Component Comment : Designator=C8 Old Comment=GCM21BD70J106KE02K New Comment=GCJ21BR72A104KA01K
Change Component Comment : Designator=C10 Old Comment=GCM21BD70J106KE02K New Comment=GCJ21BR72A104KA01K
Change Component Comment : Designator=C12 Old Comment=GCM21BD70J106KE02K New Comment=GCJ21BR72A104KA01K
Change Component Comment : Designator=C14 Old Comment=GCM21BD70J106KE02K New Comment=GCJ21BR72A104KA01K
Change Component Comment : Designator=C16 Old Comment=GCM21BD70J106KE02K New Comment=GCJ21BR72A104KA01K
Change Component Comment : Designator=C18 Old Comment=GCM21BD70J106KE02K New Comment=GCJ21BR72A104KA01K
Change Component Comment : Designator=C20 Old Comment=GCM21BD70J106KE02K New Comment=GCJ21BR72A104KA01K
Change Component Comment : Designator=C22 Old Comment=GCM21BD70J106KE02K New Comment=GCJ21BR72A104KA01K
Change Component Comment : Designator=C24 Old Comment=GCM21BD70J106KE02K New Comment=GCJ21BR72A104KA01K
Change Component Comment : Designator=C26 Old Comment=GCM21BD70J106KE02K New Comment=GCJ21BR72A104KA01K
Change Component Comment : Designator=C28 Old Comment=GCM21BD70J106KE02K New Comment=GCJ21BR72A104KA01K
Change Component Comment : Designator=C30 Old Comment=GCM21BD70J106KE02K New Comment=GCJ21BR72A104KA01K
Change Component Comment : Designator=C32 Old Comment=GCM21BD70J106KE02K New Comment=GCJ21BR72A104KA01K
Change Component Description : Designator=C2 Old Description=Capacitor New Description=Capacitor 0.1uF
Change Component Description : Designator=C4 Old Description=Capacitor New Description=Capacitor 0.1uF
Change Component Description : Designator=C6 Old Description=Capacitor New Description=Capacitor 0.1uF
Change Component Description : Designator=C8 Old Description=Capacitor New Description=Capacitor 0.1uF
Change Component Description : Designator=C10 Old Description=Capacitor New Description=Capacitor 0.1uF
Change Component Description : Designator=C12 Old Description=Capacitor New Description=Capacitor 0.1uF
Change Component Description : Designator=C14 Old Description=Capacitor New Description=Capacitor 0.1uF
Change Component Description : Designator=C16 Old Description=Capacitor New Description=Capacitor 0.1uF
Change Component Description : Designator=C18 Old Description=Capacitor New Description=Capacitor 0.1uF
Change Component Description : Designator=C20 Old Description=Capacitor New Description=Capacitor 0.1uF
Change Component Description : Designator=C22 Old Description=Capacitor New Description=Capacitor 0.1uF
Change Component Description : Designator=C24 Old Description=Capacitor New Description=Capacitor 0.1uF
Change Component Description : Designator=C26 Old Description=Capacitor New Description=Capacitor 0.1uF
Change Component Description : Designator=C28 Old Description=Capacitor New Description=Capacitor 0.1uF
Change Component Description : Designator=C30 Old Description=Capacitor New Description=Capacitor 0.1uF
Change Component Description : Designator=C32 Old Description=Capacitor New Description=Capacitor 0.1uF
Change Component Description : Designator=C1 Old Description=Capacitor New Description=Capacitor 10uF
Change Component Description : Designator=C3 Old Description=Capacitor New Description=Capacitor 10uF
Change Component Description : Designator=C5 Old Description=Capacitor New Description=Capacitor 10uF
Change Component Description : Designator=C7 Old Description=Capacitor New Description=Capacitor 10uF
Change Component Description : Designator=C9 Old Description=Capacitor New Description=Capacitor 10uF
Change Component Description : Designator=C11 Old Description=Capacitor New Description=Capacitor 10uF
Change Component Description : Designator=C13 Old Description=Capacitor New Description=Capacitor 10uF
Change Component Description : Designator=C15 Old Description=Capacitor New Description=Capacitor 10uF
Change Component Description : Designator=C17 Old Description=Capacitor New Description=Capacitor 10uF
Change Component Description : Designator=C19 Old Description=Capacitor New Description=Capacitor 10uF
Change Component Description : Designator=C21 Old Description=Capacitor New Description=Capacitor 10uF
Change Component Description : Designator=C23 Old Description=Capacitor New Description=Capacitor 10uF
Change Component Description : Designator=C25 Old Description=Capacitor New Description=Capacitor 10uF
Change Component Description : Designator=C27 Old Description=Capacitor New Description=Capacitor 10uF
Change Component Description : Designator=C29 Old Description=Capacitor New Description=Capacitor 10uF
Change Component Description : Designator=C31 Old Description=Capacitor New Description=Capacitor 10uF
Change Component Description : Designator=C33 Old Description=Capacitor New Description=Capacitor 10uF
Change Component Description : Designator=C34 Old Description=Capacitor New Description=Capacitor 10uF
Change Component Description : Designator=C35 Old Description=Capacitor New Description=Capacitor 10uF
Change Component Description : Designator=C36 Old Description=Capacitor New Description=Capacitor 10uF
Change component parameters: Designator = "C2" ("C2"); Footprint = "CAPC2012X140N"; UniqueID = "\IGHNJKFU" ("\IGHNJKFU")
Change component parameters (AddParameter): Name = "Arrow Part Number"; Value = "GCJ21BR72A104KA01K"; VariantName = "[No Variations]"
Change component parameters (AddParameter): Name = "Arrow Price/Stock"; Value = "https://www.arrow.com/en/products/gcj21br72a104ka01k/murata-manufacturing?region=europe"; VariantName = "[No Variations]"
Change component parameters (AddParameter): Name = "Datasheet Link"; Value = "https://psearch.en.murata.com/capacitor/product/GCJ21BR72A104KA01%23.html"; VariantName = "[No Variations]"
Change component parameters (AddParameter): Name = "Height"; Value = "1.5mm"; VariantName = "[No Variations]"
Change component parameters (AddParameter): Name = "Manufacturer_Name"; Value = "Murata Electronics"; VariantName = "[No Variations]"
Change component parameters (AddParameter): Name = "Manufacturer_Part_Number"; Value = "GCJ21BR72A104KA01K"; VariantName = "[No Variations]"
Change component parameters (AddParameter): Name = "Mouser Part Number"; Value = "81-GCJ21BR72A104KA01"; VariantName = "[No Variations]"
Change component parameters (AddParameter): Name = "Mouser Price/Stock"; Value = "https://www.mouser.co.uk/ProductDetail/Murata-Electronics/GCJ21BR72A104KA01K?qs=yTuLhIm%2Fv1BqgzUieC0jrw%3D%3D"; VariantName = "[No Variations]"
Change component parameters: Designator = "C4" ("C4"); Footprint = "CAPC2012X140N"; UniqueID = "\YTPYDGQW" ("\YTPYDGQW")
Change component parameters (AddParameter): Name = "Arrow Part Number"; Value = "GCJ21BR72A104KA01K"; VariantName = "[No Variations]"
Change component parameters (AddParameter): Name = "Arrow Price/Stock"; Value = "https://www.arrow.com/en/products/gcj21br72a104ka01k/murata-manufacturing?region=europe"; VariantName = "[No Variations]"
Change component parameters (AddParameter): Name = "Datasheet Link"; Value = "https://psearch.en.murata.com/capacitor/product/GCJ21BR72A104KA01%23.html"; VariantName = "[No Variations]"
Change component parameters (AddParameter): Name = "Height"; Value = "1.5mm"; VariantName = "[No Variations]"
Change component parameters (AddParameter): Name = "Manufacturer_Name"; Value = "Murata Electronics"; VariantName = "[No Variations]"
Change component parameters (AddParameter): Name = "Manufacturer_Part_Number"; Value = "GCJ21BR72A104KA01K"; VariantName = "[No Variations]"
Change component parameters (AddParameter): Name = "Mouser Part Number"; Value = "81-GCJ21BR72A104KA01"; VariantName = "[No Variations]"
Change component parameters (AddParameter): Name = "Mouser Price/Stock"; Value = "https://www.mouser.co.uk/ProductDetail/Murata-Electronics/GCJ21BR72A104KA01K?qs=yTuLhIm%2Fv1BqgzUieC0jrw%3D%3D"; VariantName = "[No Variations]"
Change component parameters: Designator = "C6" ("C6"); Footprint = "CAPC2012X140N"; UniqueID = "\WZCUQRJA" ("\WZCUQRJA")
Change component parameters (AddParameter): Name = "Arrow Part Number"; Value = "GCJ21BR72A104KA01K"; VariantName = "[No Variations]"
Change component parameters (AddParameter): Name = "Arrow Price/Stock"; Value = "https://www.arrow.com/en/products/gcj21br72a104ka01k/murata-manufacturing?region=europe"; VariantName = "[No Variations]"
Change component parameters (AddParameter): Name = "Datasheet Link"; Value = "https://psearch.en.murata.com/capacitor/product/GCJ21BR72A104KA01%23.html"; VariantName = "[No Variations]"
Change component parameters (AddParameter): Name = "Height"; Value = "1.5mm"; VariantName = "[No Variations]"
Change component parameters (AddParameter): Name = "Manufacturer_Name"; Value = "Murata Electronics"; VariantName = "[No Variations]"
Change component parameters (AddParameter): Name = "Manufacturer_Part_Number"; Value = "GCJ21BR72A104KA01K"; VariantName = "[No Variations]"
Change component parameters (AddParameter): Name = "Mouser Part Number"; Value = "81-GCJ21BR72A104KA01"; VariantName = "[No Variations]"
Change component parameters (AddParameter): Name = "Mouser Price/Stock"; Value = "https://www.mouser.co.uk/ProductDetail/Murata-Electronics/GCJ21BR72A104KA01K?qs=yTuLhIm%2Fv1BqgzUieC0jrw%3D%3D"; VariantName = "[No Variations]"
Change component parameters: Designator = "C8" ("C8"); Footprint = "CAPC2012X140N"; UniqueID = "\LWIBMGKQ" ("\LWIBMGKQ")
Change component parameters (AddParameter): Name = "Arrow Part Number"; Value = "GCJ21BR72A104KA01K"; VariantName = "[No Variations]"
Change component parameters (AddParameter): Name = "Arrow Price/Stock"; Value = "https://www.arrow.com/en/products/gcj21br72a104ka01k/murata-manufacturing?region=europe"; VariantName = "[No Variations]"
Change component parameters (AddParameter): Name = "Datasheet Link"; Value = "https://psearch.en.murata.com/capacitor/product/GCJ21BR72A104KA01%23.html"; VariantName = "[No Variations]"
Change component parameters (AddParameter): Name = "Height"; Value = "1.5mm"; VariantName = "[No Variations]"
Change component parameters (AddParameter): Name = "Manufacturer_Name"; Value = "Murata Electronics"; VariantName = "[No Variations]"
Change component parameters (AddParameter): Name = "Manufacturer_Part_Number"; Value = "GCJ21BR72A104KA01K"; VariantName = "[No Variations]"
Change component parameters (AddParameter): Name = "Mouser Part Number"; Value = "81-GCJ21BR72A104KA01"; VariantName = "[No Variations]"
Change component parameters (AddParameter): Name = "Mouser Price/Stock"; Value = "https://www.mouser.co.uk/ProductDetail/Murata-Electronics/GCJ21BR72A104KA01K?qs=yTuLhIm%2Fv1BqgzUieC0jrw%3D%3D"; VariantName = "[No Variations]"
Change component parameters: Designator = "C10" ("C10"); Footprint = "CAPC2012X140N"; UniqueID = "\IUACVCKS" ("\IUACVCKS")
Change component parameters (AddParameter): Name = "Arrow Part Number"; Value = "GCJ21BR72A104KA01K"; VariantName = "[No Variations]"
Change component parameters (AddParameter): Name = "Arrow Price/Stock"; Value = "https://www.arrow.com/en/products/gcj21br72a104ka01k/murata-manufacturing?region=europe"; VariantName = "[No Variations]"
Change component parameters (AddParameter): Name = "Datasheet Link"; Value = "https://psearch.en.murata.com/capacitor/product/GCJ21BR72A104KA01%23.html"; VariantName = "[No Variations]"
Change component parameters (AddParameter): Name = "Height"; Value = "1.5mm"; VariantName = "[No Variations]"
Change component parameters (AddParameter): Name = "Manufacturer_Name"; Value = "Murata Electronics"; VariantName = "[No Variations]"
Change component parameters (AddParameter): Name = "Manufacturer_Part_Number"; Value = "GCJ21BR72A104KA01K"; VariantName = "[No Variations]"
Change component parameters (AddParameter): Name = "Mouser Part Number"; Value = "81-GCJ21BR72A104KA01"; VariantName = "[No Variations]"
Change component parameters (AddParameter): Name = "Mouser Price/Stock"; Value = "https://www.mouser.co.uk/ProductDetail/Murata-Electronics/GCJ21BR72A104KA01K?qs=yTuLhIm%2Fv1BqgzUieC0jrw%3D%3D"; VariantName = "[No Variations]"
Change component parameters: Designator = "C12" ("C12"); Footprint = "CAPC2012X140N"; UniqueID = "\CNONQDHJ" ("\CNONQDHJ")
Change component parameters (AddParameter): Name = "Arrow Part Number"; Value = "GCJ21BR72A104KA01K"; VariantName = "[No Variations]"
Change component parameters (AddParameter): Name = "Arrow Price/Stock"; Value = "https://www.arrow.com/en/products/gcj21br72a104ka01k/murata-manufacturing?region=europe"; VariantName = "[No Variations]"
Change component parameters (AddParameter): Name = "Datasheet Link"; Value = "https://psearch.en.murata.com/capacitor/product/GCJ21BR72A104KA01%23.html"; VariantName = "[No Variations]"
Change component parameters (AddParameter): Name = "Height"; Value = "1.5mm"; VariantName = "[No Variations]"
Change component parameters (AddParameter): Name = "Manufacturer_Name"; Value = "Murata Electronics"; VariantName = "[No Variations]"
Change component parameters (AddParameter): Name = "Manufacturer_Part_Number"; Value = "GCJ21BR72A104KA01K"; VariantName = "[No Variations]"
Change component parameters (AddParameter): Name = "Mouser Part Number"; Value = "81-GCJ21BR72A104KA01"; VariantName = "[No Variations]"
Change component parameters (AddParameter): Name = "Mouser Price/Stock"; Value = "https://www.mouser.co.uk/ProductDetail/Murata-Electronics/GCJ21BR72A104KA01K?qs=yTuLhIm%2Fv1BqgzUieC0jrw%3D%3D"; VariantName = "[No Variations]"
Change component parameters: Designator = "C14" ("C14"); Footprint = "CAPC2012X140N"; UniqueID = "\YBMLRHTU" ("\YBMLRHTU")
Change component parameters (AddParameter): Name = "Arrow Part Number"; Value = "GCJ21BR72A104KA01K"; VariantName = "[No Variations]"
Change component parameters (AddParameter): Name = "Arrow Price/Stock"; Value = "https://www.arrow.com/en/products/gcj21br72a104ka01k/murata-manufacturing?region=europe"; VariantName = "[No Variations]"
Change component parameters (AddParameter): Name = "Datasheet Link"; Value = "https://psearch.en.murata.com/capacitor/product/GCJ21BR72A104KA01%23.html"; VariantName = "[No Variations]"
Change component parameters (AddParameter): Name = "Height"; Value = "1.5mm"; VariantName = "[No Variations]"
Change component parameters (AddParameter): Name = "Manufacturer_Name"; Value = "Murata Electronics"; VariantName = "[No Variations]"
Change component parameters (AddParameter): Name = "Manufacturer_Part_Number"; Value = "GCJ21BR72A104KA01K"; VariantName = "[No Variations]"
Change component parameters (AddParameter): Name = "Mouser Part Number"; Value = "81-GCJ21BR72A104KA01"; VariantName = "[No Variations]"
Change component parameters (AddParameter): Name = "Mouser Price/Stock"; Value = "https://www.mouser.co.uk/ProductDetail/Murata-Electronics/GCJ21BR72A104KA01K?qs=yTuLhIm%2Fv1BqgzUieC0jrw%3D%3D"; VariantName = "[No Variations]"
Change component parameters: Designator = "C16" ("C16"); Footprint = "CAPC2012X140N"; UniqueID = "\QZGJIZBH" ("\QZGJIZBH")
Change component parameters (AddParameter): Name = "Arrow Part Number"; Value = "GCJ21BR72A104KA01K"; VariantName = "[No Variations]"
Change component parameters (AddParameter): Name = "Arrow Price/Stock"; Value = "https://www.arrow.com/en/products/gcj21br72a104ka01k/murata-manufacturing?region=europe"; VariantName = "[No Variations]"
Change component parameters (AddParameter): Name = "Datasheet Link"; Value = "https://psearch.en.murata.com/capacitor/product/GCJ21BR72A104KA01%23.html"; VariantName = "[No Variations]"
Change component parameters (AddParameter): Name = "Height"; Value = "1.5mm"; VariantName = "[No Variations]"
Change component parameters (AddParameter): Name = "Manufacturer_Name"; Value = "Murata Electronics"; VariantName = "[No Variations]"
Change component parameters (AddParameter): Name = "Manufacturer_Part_Number"; Value = "GCJ21BR72A104KA01K"; VariantName = "[No Variations]"
Change component parameters (AddParameter): Name = "Mouser Part Number"; Value = "81-GCJ21BR72A104KA01"; VariantName = "[No Variations]"
Change component parameters (AddParameter): Name = "Mouser Price/Stock"; Value = "https://www.mouser.co.uk/ProductDetail/Murata-Electronics/GCJ21BR72A104KA01K?qs=yTuLhIm%2Fv1BqgzUieC0jrw%3D%3D"; VariantName = "[No Variations]"
Change component parameters: Designator = "C18" ("C18"); Footprint = "CAPC2012X140N"; UniqueID = "\OSSLWHAL" ("\OSSLWHAL")
Change component parameters (AddParameter): Name = "Arrow Part Number"; Value = "GCJ21BR72A104KA01K"; VariantName = "[No Variations]"
Change component parameters (AddParameter): Name = "Arrow Price/Stock"; Value = "https://www.arrow.com/en/products/gcj21br72a104ka01k/murata-manufacturing?region=europe"; VariantName = "[No Variations]"
Change component parameters (AddParameter): Name = "Datasheet Link"; Value = "https://psearch.en.murata.com/capacitor/product/GCJ21BR72A104KA01%23.html"; VariantName = "[No Variations]"
Change component parameters (AddParameter): Name = "Height"; Value = "1.5mm"; VariantName = "[No Variations]"
Change component parameters (AddParameter): Name = "Manufacturer_Name"; Value = "Murata Electronics"; VariantName = "[No Variations]"
Change component parameters (AddParameter): Name = "Manufacturer_Part_Number"; Value = "GCJ21BR72A104KA01K"; VariantName = "[No Variations]"
Change component parameters (AddParameter): Name = "Mouser Part Number"; Value = "81-GCJ21BR72A104KA01"; VariantName = "[No Variations]"
Change component parameters (AddParameter): Name = "Mouser Price/Stock"; Value = "https://www.mouser.co.uk/ProductDetail/Murata-Electronics/GCJ21BR72A104KA01K?qs=yTuLhIm%2Fv1BqgzUieC0jrw%3D%3D"; VariantName = "[No Variations]"
Change component parameters: Designator = "C20" ("C20"); Footprint = "CAPC2012X140N"; UniqueID = "\CAZVVNYG" ("\CAZVVNYG")
Change component parameters (AddParameter): Name = "Arrow Part Number"; Value = "GCJ21BR72A104KA01K"; VariantName = "[No Variations]"
Change component parameters (AddParameter): Name = "Arrow Price/Stock"; Value = "https://www.arrow.com/en/products/gcj21br72a104ka01k/murata-manufacturing?region=europe"; VariantName = "[No Variations]"
Change component parameters (AddParameter): Name = "Datasheet Link"; Value = "https://psearch.en.murata.com/capacitor/product/GCJ21BR72A104KA01%23.html"; VariantName = "[No Variations]"
Change component parameters (AddParameter): Name = "Height"; Value = "1.5mm"; VariantName = "[No Variations]"
Change component parameters (AddParameter): Name = "Manufacturer_Name"; Value = "Murata Electronics"; VariantName = "[No Variations]"
Change component parameters (AddParameter): Name = "Manufacturer_Part_Number"; Value = "GCJ21BR72A104KA01K"; VariantName = "[No Variations]"
Change component parameters (AddParameter): Name = "Mouser Part Number"; Value = "81-GCJ21BR72A104KA01"; VariantName = "[No Variations]"
Change component parameters (AddParameter): Name = "Mouser Price/Stock"; Value = "https://www.mouser.co.uk/ProductDetail/Murata-Electronics/GCJ21BR72A104KA01K?qs=yTuLhIm%2Fv1BqgzUieC0jrw%3D%3D"; VariantName = "[No Variations]"
Change component parameters: Designator = "C22" ("C22"); Footprint = "CAPC2012X140N"; UniqueID = "\CMUUKWGU" ("\CMUUKWGU")
Change component parameters (AddParameter): Name = "Arrow Part Number"; Value = "GCJ21BR72A104KA01K"; VariantName = "[No Variations]"
Change component parameters (AddParameter): Name = "Arrow Price/Stock"; Value = "https://www.arrow.com/en/products/gcj21br72a104ka01k/murata-manufacturing?region=europe"; VariantName = "[No Variations]"
Change component parameters (AddParameter): Name = "Datasheet Link"; Value = "https://psearch.en.murata.com/capacitor/product/GCJ21BR72A104KA01%23.html"; VariantName = "[No Variations]"
Change component parameters (AddParameter): Name = "Height"; Value = "1.5mm"; VariantName = "[No Variations]"
Change component parameters (AddParameter): Name = "Manufacturer_Name"; Value = "Murata Electronics"; VariantName = "[No Variations]"
Change component parameters (AddParameter): Name = "Manufacturer_Part_Number"; Value = "GCJ21BR72A104KA01K"; VariantName = "[No Variations]"
Change component parameters (AddParameter): Name = "Mouser Part Number"; Value = "81-GCJ21BR72A104KA01"; VariantName = "[No Variations]"
Change component parameters (AddParameter): Name = "Mouser Price/Stock"; Value = "https://www.mouser.co.uk/ProductDetail/Murata-Electronics/GCJ21BR72A104KA01K?qs=yTuLhIm%2Fv1BqgzUieC0jrw%3D%3D"; VariantName = "[No Variations]"
Change component parameters: Designator = "C24" ("C24"); Footprint = "CAPC2012X140N"; UniqueID = "\WCYEIKRG" ("\WCYEIKRG")
Change component parameters (AddParameter): Name = "Arrow Part Number"; Value = "GCJ21BR72A104KA01K"; VariantName = "[No Variations]"
Change component parameters (AddParameter): Name = "Arrow Price/Stock"; Value = "https://www.arrow.com/en/products/gcj21br72a104ka01k/murata-manufacturing?region=europe"; VariantName = "[No Variations]"
Change component parameters (AddParameter): Name = "Datasheet Link"; Value = "https://psearch.en.murata.com/capacitor/product/GCJ21BR72A104KA01%23.html"; VariantName = "[No Variations]"
Change component parameters (AddParameter): Name = "Height"; Value = "1.5mm"; VariantName = "[No Variations]"
Change component parameters (AddParameter): Name = "Manufacturer_Name"; Value = "Murata Electronics"; VariantName = "[No Variations]"
Change component parameters (AddParameter): Name = "Manufacturer_Part_Number"; Value = "GCJ21BR72A104KA01K"; VariantName = "[No Variations]"
Change component parameters (AddParameter): Name = "Mouser Part Number"; Value = "81-GCJ21BR72A104KA01"; VariantName = "[No Variations]"
Change component parameters (AddParameter): Name = "Mouser Price/Stock"; Value = "https://www.mouser.co.uk/ProductDetail/Murata-Electronics/GCJ21BR72A104KA01K?qs=yTuLhIm%2Fv1BqgzUieC0jrw%3D%3D"; VariantName = "[No Variations]"
Change component parameters: Designator = "C26" ("C26"); Footprint = "CAPC2012X140N"; UniqueID = "\QBPXMMOS" ("\QBPXMMOS")
Change component parameters (AddParameter): Name = "Arrow Part Number"; Value = "GCJ21BR72A104KA01K"; VariantName = "[No Variations]"
Change component parameters (AddParameter): Name = "Arrow Price/Stock"; Value = "https://www.arrow.com/en/products/gcj21br72a104ka01k/murata-manufacturing?region=europe"; VariantName = "[No Variations]"
Change component parameters (AddParameter): Name = "Datasheet Link"; Value = "https://psearch.en.murata.com/capacitor/product/GCJ21BR72A104KA01%23.html"; VariantName = "[No Variations]"
Change component parameters (AddParameter): Name = "Height"; Value = "1.5mm"; VariantName = "[No Variations]"
Change component parameters (AddParameter): Name = "Manufacturer_Name"; Value = "Murata Electronics"; VariantName = "[No Variations]"
Change component parameters (AddParameter): Name = "Manufacturer_Part_Number"; Value = "GCJ21BR72A104KA01K"; VariantName = "[No Variations]"
Change component parameters (AddParameter): Name = "Mouser Part Number"; Value = "81-GCJ21BR72A104KA01"; VariantName = "[No Variations]"
Change component parameters (AddParameter): Name = "Mouser Price/Stock"; Value = "https://www.mouser.co.uk/ProductDetail/Murata-Electronics/GCJ21BR72A104KA01K?qs=yTuLhIm%2Fv1BqgzUieC0jrw%3D%3D"; VariantName = "[No Variations]"
Change component parameters: Designator = "C28" ("C28"); Footprint = "CAPC2012X140N"; UniqueID = "\FTKDHOLY" ("\FTKDHOLY")
Change component parameters (AddParameter): Name = "Arrow Part Number"; Value = "GCJ21BR72A104KA01K"; VariantName = "[No Variations]"
Change component parameters (AddParameter): Name = "Arrow Price/Stock"; Value = "https://www.arrow.com/en/products/gcj21br72a104ka01k/murata-manufacturing?region=europe"; VariantName = "[No Variations]"
Change component parameters (AddParameter): Name = "Datasheet Link"; Value = "https://psearch.en.murata.com/capacitor/product/GCJ21BR72A104KA01%23.html"; VariantName = "[No Variations]"
Change component parameters (AddParameter): Name = "Height"; Value = "1.5mm"; VariantName = "[No Variations]"
Change component parameters (AddParameter): Name = "Manufacturer_Name"; Value = "Murata Electronics"; VariantName = "[No Variations]"
Change component parameters (AddParameter): Name = "Manufacturer_Part_Number"; Value = "GCJ21BR72A104KA01K"; VariantName = "[No Variations]"
Change component parameters (AddParameter): Name = "Mouser Part Number"; Value = "81-GCJ21BR72A104KA01"; VariantName = "[No Variations]"
Change component parameters (AddParameter): Name = "Mouser Price/Stock"; Value = "https://www.mouser.co.uk/ProductDetail/Murata-Electronics/GCJ21BR72A104KA01K?qs=yTuLhIm%2Fv1BqgzUieC0jrw%3D%3D"; VariantName = "[No Variations]"
Change component parameters: Designator = "C30" ("C30"); Footprint = "CAPC2012X140N"; UniqueID = "\URHPISCE" ("\URHPISCE")
Change component parameters (AddParameter): Name = "Arrow Part Number"; Value = "GCJ21BR72A104KA01K"; VariantName = "[No Variations]"
Change component parameters (AddParameter): Name = "Arrow Price/Stock"; Value = "https://www.arrow.com/en/products/gcj21br72a104ka01k/murata-manufacturing?region=europe"; VariantName = "[No Variations]"
Change component parameters (AddParameter): Name = "Datasheet Link"; Value = "https://psearch.en.murata.com/capacitor/product/GCJ21BR72A104KA01%23.html"; VariantName = "[No Variations]"
Change component parameters (AddParameter): Name = "Height"; Value = "1.5mm"; VariantName = "[No Variations]"
Change component parameters (AddParameter): Name = "Manufacturer_Name"; Value = "Murata Electronics"; VariantName = "[No Variations]"
Change component parameters (AddParameter): Name = "Manufacturer_Part_Number"; Value = "GCJ21BR72A104KA01K"; VariantName = "[No Variations]"
Change component parameters (AddParameter): Name = "Mouser Part Number"; Value = "81-GCJ21BR72A104KA01"; VariantName = "[No Variations]"
Change component parameters (AddParameter): Name = "Mouser Price/Stock"; Value = "https://www.mouser.co.uk/ProductDetail/Murata-Electronics/GCJ21BR72A104KA01K?qs=yTuLhIm%2Fv1BqgzUieC0jrw%3D%3D"; VariantName = "[No Variations]"
Change component parameters: Designator = "C32" ("C32"); Footprint = "CAPC2012X140N"; UniqueID = "\FKAKLHTB" ("\FKAKLHTB")
Change component parameters (AddParameter): Name = "Arrow Part Number"; Value = "GCJ21BR72A104KA01K"; VariantName = "[No Variations]"
Change component parameters (AddParameter): Name = "Arrow Price/Stock"; Value = "https://www.arrow.com/en/products/gcj21br72a104ka01k/murata-manufacturing?region=europe"; VariantName = "[No Variations]"
Change component parameters (AddParameter): Name = "Datasheet Link"; Value = "https://psearch.en.murata.com/capacitor/product/GCJ21BR72A104KA01%23.html"; VariantName = "[No Variations]"
Change component parameters (AddParameter): Name = "Height"; Value = "1.5mm"; VariantName = "[No Variations]"
Change component parameters (AddParameter): Name = "Manufacturer_Name"; Value = "Murata Electronics"; VariantName = "[No Variations]"
Change component parameters (AddParameter): Name = "Manufacturer_Part_Number"; Value = "GCJ21BR72A104KA01K"; VariantName = "[No Variations]"
Change component parameters (AddParameter): Name = "Mouser Part Number"; Value = "81-GCJ21BR72A104KA01"; VariantName = "[No Variations]"
Change component parameters (AddParameter): Name = "Mouser Price/Stock"; Value = "https://www.mouser.co.uk/ProductDetail/Murata-Electronics/GCJ21BR72A104KA01K?qs=yTuLhIm%2Fv1BqgzUieC0jrw%3D%3D"; VariantName = "[No Variations]"
