Added Pin To Net: NetName=+2.5V Pin=C21-2
Added Pin To Net: NetName=+2.5V Pin=C22-2
Added Member To Class: ClassName=Multi_LT_circuit Member=Component C2 GCM21BD70J106KE02K
Added Member To Class: ClassName=Multi_LT_circuit Member=Component C3 GCM21BD70J106KE02K
Added Member To Class: ClassName=Multi_LT_circuit Member=Component C4 GCM21BD70J106KE02K
Added Member To Class: ClassName=Multi_LT_circuit Member=Component C15 GCM21BD70J106KE02K
Added Member To Class: ClassName=Multi_LT_circuit Member=Component C17 GCM21BD70J106KE02K
Added Member To Class: ClassName=Multi_LT_circuit Member=Component C18 GCM21BD70J106KE02K
Added Member To Class: ClassName=Multi_LT_circuit Member=Component C21 GCM21BD70J106KE02K
Added Member To Class: ClassName=Multi_LT_circuit Member=Component C22 GCM21BD70J106KE02K
Added Member To Class: ClassName=Multi_LT_circuit Member=Component P3 Pad
Added Member To Class: ClassName=Multi_LT_circuit Member=Component P7 Pad
Added Member To Class: ClassName=Multi_LT_circuit Member=Component P9 Pad
Added Member To Class: ClassName=Multi_LT_circuit Member=Component P10 Pad
Added Member To Class: ClassName=Multi_LT_circuit Member=Component P11 Pad
Added Member To Class: ClassName=Multi_LT_circuit Member=Component P14 Pad
Added Member To Class: ClassName=Multi_LT_circuit Member=Component P15 Pad
Added Member To Class: ClassName=Multi_LT_circuit Member=Component P16 Pad
Added Member To Class: ClassName=Multi_LT_circuit Member=Component P17 Pad
Added Member To Class: ClassName=Multi_LT_circuit Member=Component P19 Pad
Added Member To Class: ClassName=Multi_LT_circuit Member=Component R2 CRG0805F100K
Added Member To Class: ClassName=Multi_LT_circuit Member=Component R3 CRGH0805F1M0
Added Member To Class: ClassName=Multi_LT_circuit Member=Component R4 CRG0805F20K
Added Member To Class: ClassName=Multi_LT_circuit Member=Component R6 CRGH0805F1M0
Added Member To Class: ClassName=Multi_LT_circuit Member=Component R7 CRGH0805F1M0
Added Member To Class: ClassName=Multi_LT_circuit Member=Component R8 CRGH0805F1K0
Added Member To Class: ClassName=Multi_LT_circuit Member=Component R11 CRG0805F5K49
Added Member To Class: ClassName=Multi_LT_circuit Member=Component R15 CRGH0805F1M0
Added Member To Class: ClassName=Multi_LT_circuit Member=Component R19 CRGH0805F10K
Added Member To Class: ClassName=Multi_LT_circuit Member=Component R21 CPF0805B499KE1
Added Member To Class: ClassName=Multi_LT_circuit Member=Component R22 CPF0805B499KE1
Added Member To Class: ClassName=Multi_LT_circuit Member=Component R23 CRGH0805F191K
Added Member To Class: ClassName=Multi_LT_circuit Member=Component R24 CPF0805B499KE1
Added Member To Class: ClassName=Multi_LT_circuit Member=Component R26 CRGH0805F76K8
Added Member To Class: ClassName=Multi_LT_circuit Member=Component R27 CPF-A-0805B200KE
Added Member To Class: ClassName=Multi_LT_circuit Member=Component R28 CRGH0805F14K7
Added Member To Class: ClassName=Multi_LT_circuit Member=Component R29 CPF-A-0805B49K9E1
Added Member To Class: ClassName=Multi_LT_circuit Member=Component R30 CRGH0805F15K
Added Member To Class: ClassName=Multi_LT_circuit Member=Component R31 CPF0805B1M6E1
Added Member To Class: ClassName=Multi_LT_circuit Member=Component R32 CPF0805B1M6E1
Added Member To Class: ClassName=Multi_LT_circuit Member=Component R34 CPF-A-0805B200KE
Added Member To Class: ClassName=Multi_LT_circuit Member=Component R36 CPF-A-0805B49K9E1
Added Member To Class: ClassName=Multi_LT_circuit Member=Component R39 CPF0805B499KE1
Added Member To Class: ClassName=Multi_LT_circuit Member=Component R40 CPF0805B1M6E1
Added Member To Class: ClassName=Multi_LT_circuit Member=Component R41 CPF0805B499KE1
Added Member To Class: ClassName=Multi_LT_circuit Member=Component S2 CS-4-14NA
Added Member To Class: ClassName=Multi_LT_circuit Member=Component S4 CS-4-14NA
Added Member To Class: ClassName=Multi_LT_circuit Member=Component S5 CS-4-14NA
Added Member To Class: ClassName=Multi_LT_circuit Member=Component S6 CS-4-14NA
Added Member To Class: ClassName=Multi_LT_circuit Member=Component S7 CS-4-14NA
Added Member To Class: ClassName=Multi_LT_circuit Member=Component S8 CS-4-22YA
Added Member To Class: ClassName=Multi_LT_circuit Member=Component S9 CS-4-14NA
Added Member To Class: ClassName=Multi_LT_circuit Member=Component S10 CS-4-14NA
Added Member To Class: ClassName=Multi_LT_circuit Member=Component S11 CS-4-14NA
