Added Component: Designator=S?(DS04254201BKSMTTR)
Add component (AddParameter): Name = "Arrow Part Number"; Value = "DS04-254-2-01BK-SMT-TR"; VariantName = "[No Variations]"
Add component (AddParameter): Name = "Arrow Price/Stock"; Value = "https://www.arrow.com/en/products/ds04-254-2-01bk-smt-tr/cui-devices?region=nac"; VariantName = "[No Variations]"
Add component (AddParameter): Name = "Datasheet Link"; Value = "https://www.cuidevices.com/product/resource/supplyframepdf/ds04-254-smt.pdf"; VariantName = "[No Variations]"
Add component (AddParameter): Name = "Height"; Value = "4.3mm"; VariantName = "[No Variations]"
Add component (AddParameter): Name = "Manufacturer_Name"; Value = "CUI Devices"; VariantName = "[No Variations]"
Add component (AddParameter): Name = "Manufacturer_Part_Number"; Value = "DS04-254-2-01BK-SMT-TR"; VariantName = "[No Variations]"
Add component (AddParameter): Name = "Mouser Part Number"; Value = "490-DS04254201BK-STR"; VariantName = "[No Variations]"
Add component (AddParameter): Name = "Mouser Price/Stock"; Value = "https://www.mouser.co.uk/ProductDetail/CUI-Devices/DS04-254-2-01BK-SMT-TR?qs=wnTfsH77Xs4xXRFXKF0ssg%3D%3D"; VariantName = "[No Variations]"
Added Component: Designator=S?(DS04254201BKSMTTR)
Add component (AddParameter): Name = "Arrow Part Number"; Value = "DS04-254-2-01BK-SMT-TR"; VariantName = "[No Variations]"
Add component (AddParameter): Name = "Arrow Price/Stock"; Value = "https://www.arrow.com/en/products/ds04-254-2-01bk-smt-tr/cui-devices?region=nac"; VariantName = "[No Variations]"
Add component (AddParameter): Name = "Datasheet Link"; Value = "https://www.cuidevices.com/product/resource/supplyframepdf/ds04-254-smt.pdf"; VariantName = "[No Variations]"
Add component (AddParameter): Name = "Height"; Value = "4.3mm"; VariantName = "[No Variations]"
Add component (AddParameter): Name = "Manufacturer_Name"; Value = "CUI Devices"; VariantName = "[No Variations]"
Add component (AddParameter): Name = "Manufacturer_Part_Number"; Value = "DS04-254-2-01BK-SMT-TR"; VariantName = "[No Variations]"
Add component (AddParameter): Name = "Mouser Part Number"; Value = "490-DS04254201BK-STR"; VariantName = "[No Variations]"
Add component (AddParameter): Name = "Mouser Price/Stock"; Value = "https://www.mouser.co.uk/ProductDetail/CUI-Devices/DS04-254-2-01BK-SMT-TR?qs=wnTfsH77Xs4xXRFXKF0ssg%3D%3D"; VariantName = "[No Variations]"
Added Pin To Net: NetName=Vin1 Pin=S?-1
Added Pin To Net: NetName=Vin2 Pin=S?-1
Added Pin To Net: NetName=Vfb1 Pin=S?-2
Added Pin To Net: NetName=Vfb2 Pin=S?-2
Added Member To Class: ClassName=Multi_LT_circuit Member=Component S? DS04-254-2-01BK-SMT-TR
Added Member To Class: ClassName=Multi_LT_circuit Member=Component S? DS04-254-2-01BK-SMT-TR
