Change Component Designator: OldDesignator=C? NewDesignator=C1
Change Component Designator: OldDesignator=C? NewDesignator=C2
Change Component Designator: OldDesignator=IC? NewDesignator=IC1
Change Component Designator: OldDesignator=IC? NewDesignator=IC2
Change Component Designator: OldDesignator=IC? NewDesignator=IC3
Change Component Designator: OldDesignator=IC? NewDesignator=IC4
Change Component Designator: OldDesignator=IC? NewDesignator=IC5
Change Component Designator: OldDesignator=R? NewDesignator=R1
Change Component Designator: OldDesignator=R? NewDesignator=R2
Change Component Designator: OldDesignator=R? NewDesignator=R3
Change Component Designator: OldDesignator=R? NewDesignator=R4
Change Component Designator: OldDesignator=R? NewDesignator=R5
Change Component Designator: OldDesignator=R? NewDesignator=R6
Change Component Designator: OldDesignator=R? NewDesignator=R7
Change Component Designator: OldDesignator=R? NewDesignator=R8
Change Component Designator: OldDesignator=R? NewDesignator=R9
Change Component Designator: OldDesignator=R? NewDesignator=R10
Change Component Designator: OldDesignator=R? NewDesignator=R11
Change Component Designator: OldDesignator=R? NewDesignator=R12
Change Component Designator: OldDesignator=R? NewDesignator=R13
Change Component Designator: OldDesignator=R? NewDesignator=R14
Change Component Designator: OldDesignator=R? NewDesignator=R15
Change Component Designator: OldDesignator=R? NewDesignator=R16
Change Component Designator: OldDesignator=R? NewDesignator=R17
Change Component Designator: OldDesignator=R? NewDesignator=R18
Change Component Designator: OldDesignator=S? NewDesignator=S1
Change Component Designator: OldDesignator=S? NewDesignator=S2
Change Component Designator: OldDesignator=S? NewDesignator=S3
Change Component Designator: OldDesignator=S? NewDesignator=S4
Change Component Designator: OldDesignator=S? NewDesignator=S5
Change Component Designator: OldDesignator=S? NewDesignator=S6
Add Component: Footprint Not Found Pad
Add Component: Footprint Not Found Pad
Add Component: Footprint Not Found Pad
Add Component: Footprint Not Found Pad
Add Component: Footprint Not Found Pad
Add Component: Footprint Not Found Pad
Add Component: Footprint Not Found Pad
Add Component: Footprint Not Found Pad
Add Component: Footprint Not Found Pad
Add Component: Footprint Not Found Pad
Add Component: Footprint Not Found Pad
Add Pin To Net: Unknown Pin: Pin P1-0
Add Pin To Net: Unknown Pin: Pin P2-0
Add Pin To Net: Unknown Pin: Pin P3-0
Add Pin To Net: Unknown Pin: Pin P4-0
Add Pin To Net: Unknown Pin: Pin P5-0
Add Pin To Net: Unknown Pin: Pin P6-0
Add Pin To Net: Unknown Pin: Pin P7-0
Add Pin To Net: Unknown Pin: Pin P8-0
Add Pin To Net: Unknown Pin: Pin P9-0
Add Pin To Net: Unknown Pin: Pin P10-0
Add Pin To Net: Unknown Pin: Pin P11-0
Change Net Name : Old Net Name=NetC?_2 New Net Name=NetC1_2
Change Net Name : Old Net Name=NetIC?_1 New Net Name=NetIC2_1
Change Net Name : Old Net Name=NetIC?_2 New Net Name=NetIC3_2
Change Net Name : Old Net Name=NetIC?_3 New Net Name=NetIC4_3
Change Net Name : Old Net Name=NetIC?_8 New Net Name=NetIC2_8
Change Net Name : Old Net Name=NetR?_1 New Net Name=NetR15_1
Change Net Name : Old Net Name=NetR?_2 New Net Name=NetR3_2
Added Pin To Net: NetName=NetC2_2 Pin=C2-2
Added Pin To Net: NetName=NetC2_2 Pin=S4-C1
Added Pin To Net: NetName=NetC2_2 Pin=S6-C1
Added Net: Name=NetC2_2
Added Pin To Net: NetName=NetIC1_2 Pin=IC1-2
Added Pin To Net: NetName=NetIC1_2 Pin=R1-1
Added Pin To Net: NetName=NetIC1_2 Pin=R2-2
Added Net: Name=NetIC1_2
Added Pin To Net: NetName=NetIC5_3 Pin=IC5-3
Added Pin To Net: NetName=NetIC5_3 Pin=IC5-4
Added Pin To Net: NetName=NetIC5_3 Pin=R16-2
Added Pin To Net: NetName=NetIC5_3 Pin=R17-2
Added Pin To Net: NetName=NetIC5_3 Pin=R18-2
Added Net: Name=NetIC5_3
Added Pin To Net: NetName=NetR4_2 Pin=R4-2
Added Pin To Net: NetName=NetR4_2 Pin=S1-1
Added Net: Name=NetR4_2
Added Pin To Net: NetName=NetR7_1 Pin=R7-1
Added Pin To Net: NetName=NetR7_1 Pin=S2-1
Added Net: Name=NetR7_1
Added Pin To Net: NetName=NetR8_1 Pin=R8-1
Added Pin To Net: NetName=NetR8_1 Pin=S2-2
Added Net: Name=NetR8_1
Added Pin To Net: NetName=NetR9_1 Pin=R9-1
Added Pin To Net: NetName=NetR9_1 Pin=S2-4
Added Net: Name=NetR9_1
Added Pin To Net: NetName=NetR10_1 Pin=R10-1
Added Pin To Net: NetName=NetR10_1 Pin=S3-1
Added Net: Name=NetR10_1
Added Pin To Net: NetName=NetR11_1 Pin=R11-1
Added Pin To Net: NetName=NetR11_1 Pin=S3-2
Added Net: Name=NetR11_1
Added Pin To Net: NetName=NetR12_1 Pin=R12-1
Added Pin To Net: NetName=NetR12_1 Pin=S3-4
Added Net: Name=NetR12_1
Added Pin To Net: NetName=NetR13_1 Pin=R13-1
Added Pin To Net: NetName=NetR13_1 Pin=S4-4
Added Net: Name=NetR13_1
Added Pin To Net: NetName=NetR14_1 Pin=R14-1
Added Pin To Net: NetName=NetR14_1 Pin=S4-2
Added Net: Name=NetR14_1
Added Pin To Net: NetName=NetR16_1 Pin=R16-1
Added Pin To Net: NetName=NetR16_1 Pin=S6-1
Added Net: Name=NetR16_1
Added Pin To Net: NetName=NetR17_1 Pin=R17-1
Added Pin To Net: NetName=NetR17_1 Pin=S6-2
Added Net: Name=NetR17_1
Added Pin To Net: NetName=NetR18_1 Pin=R18-1
Added Pin To Net: NetName=NetR18_1 Pin=S6-4
Added Net: Name=NetR18_1
Added Member To Class: ClassName=Multi_LT_circuit Member=Component C1 GRM2195C2A333JE01D
Added Member To Class: ClassName=Multi_LT_circuit Member=Component IC1 LTC6268IS8-10#PBF
Added Member To Class: ClassName=Multi_LT_circuit Member=Component IC2 LT1920IS8#PBF
Added Member To Class: ClassName=Multi_LT_circuit Member=Component IC4 LTC2066HSC6#TRMPBF
Added Member To Class: ClassName=Multi_LT_circuit Member=Component IC5 LTC2066HSC6#TRMPBF
Add Class Member: Failed to add class member : Component P1 Pad
Add Class Member: Failed to add class member : Component P2 Pad
Add Class Member: Failed to add class member : Component P3 Pad
Add Class Member: Failed to add class member : Component P4 Pad
Add Class Member: Failed to add class member : Component P5 Pad
Add Class Member: Failed to add class member : Component P6 Pad
Add Class Member: Failed to add class member : Component P7 Pad
Add Class Member: Failed to add class member : Component P8 Pad
Add Class Member: Failed to add class member : Component P9 Pad
Add Class Member: Failed to add class member : Component P10 Pad
Add Class Member: Failed to add class member : Component P11 Pad
Added Member To Class: ClassName=Multi_LT_circuit Member=Component R1 CRF0805-FZ-R002ELF
Added Member To Class: ClassName=Multi_LT_circuit Member=Component R2 CRF0805-FZ-R002ELF
Added Member To Class: ClassName=Multi_LT_circuit Member=Component R3 CRF0805-FZ-R002ELF
Added Member To Class: ClassName=Multi_LT_circuit Member=Component R4 CRF0805-FZ-R002ELF
Added Member To Class: ClassName=Multi_LT_circuit Member=Component R5 CRF0805-FZ-R002ELF
Added Member To Class: ClassName=Multi_LT_circuit Member=Component R6 CRF0805-FZ-R002ELF
Added Member To Class: ClassName=Multi_LT_circuit Member=Component R8 CRF0805-FZ-R002ELF
Added Member To Class: ClassName=Multi_LT_circuit Member=Component R9 CRF0805-FZ-R002ELF
Added Member To Class: ClassName=Multi_LT_circuit Member=Component R10 CRF0805-FZ-R002ELF
Added Member To Class: ClassName=Multi_LT_circuit Member=Component R11 CRF0805-FZ-R002ELF
Added Member To Class: ClassName=Multi_LT_circuit Member=Component R12 CRF0805-FZ-R002ELF
Added Member To Class: ClassName=Multi_LT_circuit Member=Component R13 CRF0805-FZ-R002ELF
Added Member To Class: ClassName=Multi_LT_circuit Member=Component R14 CRF0805-FZ-R002ELF
Added Member To Class: ClassName=Multi_LT_circuit Member=Component R15 CRF0805-FZ-R002ELF
Added Member To Class: ClassName=Multi_LT_circuit Member=Component R16 CRF0805-FZ-R002ELF
Added Member To Class: ClassName=Multi_LT_circuit Member=Component R17 CRF0805-FZ-R002ELF
Added Member To Class: ClassName=Multi_LT_circuit Member=Component R18 CRF0805-FZ-R002ELF
Added Member To Class: ClassName=Multi_LT_circuit Member=Component S2 CS-4-14NA
Added Member To Class: ClassName=Multi_LT_circuit Member=Component S3 CS-4-14NA
Added Member To Class: ClassName=Multi_LT_circuit Member=Component S4 CS-4-14NA
Added Member To Class: ClassName=Multi_LT_circuit Member=Component S5 CS-4-22YA
Added Member To Class: ClassName=Multi_LT_circuit Member=Component S6 CS-4-14NA
