Replace Part C1 GCM21BD70J106KE02K in G:\(C) Admin\Altium (beta)\Multi LTC\Multi-LTC-ECG\Multi_LT_circuit.SchDoc with GCM21BD70J106KE02K from SamacSys.SchLib
Replace Part C2 GCM21BD70J106KE02K in G:\(C) Admin\Altium (beta)\Multi LTC\Multi-LTC-ECG\Multi_LT_circuit.SchDoc with GCM21BD70J106KE02K from SamacSys.SchLib
Replace Part C3 GCM21BD70J106KE02K in G:\(C) Admin\Altium (beta)\Multi LTC\Multi-LTC-ECG\Multi_LT_circuit.SchDoc with GCM21BD70J106KE02K from SamacSys.SchLib
Replace Part C4 GCM21BD70J106KE02K in G:\(C) Admin\Altium (beta)\Multi LTC\Multi-LTC-ECG\Multi_LT_circuit.SchDoc with GCM21BD70J106KE02K from SamacSys.SchLib
Replace Part IC1 LTC6268IS8-10#PBF in G:\(C) Admin\Altium (beta)\Multi LTC\Multi-LTC-ECG\Multi_LT_circuit.SchDoc with LTC6268IS8-10#PBF from SamacSys.SchLib
Replace Part IC2 LT1920IS8#PBF in G:\(C) Admin\Altium (beta)\Multi LTC\Multi-LTC-ECG\Multi_LT_circuit.SchDoc with LT1920IS8#PBF from SamacSys.SchLib
Replace Part IC3 OPA810IDR in G:\(C) Admin\Altium (beta)\Multi LTC\Multi-LTC-ECG\Multi_LT_circuit.SchDoc with OPA810IDR from SamacSys.SchLib
Replace Part IC4 LTC6268IS8-10#PBF in G:\(C) Admin\Altium (beta)\Multi LTC\Multi-LTC-ECG\Multi_LT_circuit.SchDoc with LTC6268IS8-10#PBF from SamacSys.SchLib
Replace Part IC5 LTC2066HSC6#TRMPBF in G:\(C) Admin\Altium (beta)\Multi LTC\Multi-LTC-ECG\Multi_LT_circuit.SchDoc with LTC2066HSC6#TRMPBF from SamacSys.SchLib
Replace Part IC6 LTC2066HSC6#TRMPBF in G:\(C) Admin\Altium (beta)\Multi LTC\Multi-LTC-ECG\Multi_LT_circuit.SchDoc with LTC2066HSC6#TRMPBF from SamacSys.SchLib
Replace Part IC7 LTC2066HSC6#TRMPBF in G:\(C) Admin\Altium (beta)\Multi LTC\Multi-LTC-ECG\Multi_LT_circuit.SchDoc with LTC2066HSC6#TRMPBF from SamacSys.SchLib
Replace Part IC8 LTC2066HSC6#TRMPBF in G:\(C) Admin\Altium (beta)\Multi LTC\Multi-LTC-ECG\Multi_LT_circuit.SchDoc with LTC2066HSC6#TRMPBF from SamacSys.SchLib
Replace Part J1 Jumper in G:\(C) Admin\Altium (beta)\Multi LTC\Multi-LTC-ECG\Multi_LT_circuit.SchDoc with Jumper from SamacSys.SchLib
Replace Part P1 Pad in G:\(C) Admin\Altium (beta)\Multi LTC\Multi-LTC-ECG\Multi_LT_circuit.SchDoc with Pad from SamacSys.SchLib
Replace Part P2 Pad in G:\(C) Admin\Altium (beta)\Multi LTC\Multi-LTC-ECG\Multi_LT_circuit.SchDoc with Pad from SamacSys.SchLib
Replace Part P3 Pad in G:\(C) Admin\Altium (beta)\Multi LTC\Multi-LTC-ECG\Multi_LT_circuit.SchDoc with Pad from SamacSys.SchLib
Replace Part P4 Pad in G:\(C) Admin\Altium (beta)\Multi LTC\Multi-LTC-ECG\Multi_LT_circuit.SchDoc with Pad from SamacSys.SchLib
Replace Part P5 Pad in G:\(C) Admin\Altium (beta)\Multi LTC\Multi-LTC-ECG\Multi_LT_circuit.SchDoc with Pad from SamacSys.SchLib
Replace Part P6 Pad in G:\(C) Admin\Altium (beta)\Multi LTC\Multi-LTC-ECG\Multi_LT_circuit.SchDoc with Pad from SamacSys.SchLib
Replace Part P7 Pad in G:\(C) Admin\Altium (beta)\Multi LTC\Multi-LTC-ECG\Multi_LT_circuit.SchDoc with Pad from SamacSys.SchLib
Replace Part P8 Pad in G:\(C) Admin\Altium (beta)\Multi LTC\Multi-LTC-ECG\Multi_LT_circuit.SchDoc with Pad from SamacSys.SchLib
Replace Part P9 Pad in G:\(C) Admin\Altium (beta)\Multi LTC\Multi-LTC-ECG\Multi_LT_circuit.SchDoc with Pad from SamacSys.SchLib
Replace Part P10 Pad in G:\(C) Admin\Altium (beta)\Multi LTC\Multi-LTC-ECG\Multi_LT_circuit.SchDoc with Pad from SamacSys.SchLib
Replace Part P11 Pad in G:\(C) Admin\Altium (beta)\Multi LTC\Multi-LTC-ECG\Multi_LT_circuit.SchDoc with Pad from SamacSys.SchLib
Replace Part P12 Pad in G:\(C) Admin\Altium (beta)\Multi LTC\Multi-LTC-ECG\Multi_LT_circuit.SchDoc with Pad from SamacSys.SchLib
Replace Part P13 Pad in G:\(C) Admin\Altium (beta)\Multi LTC\Multi-LTC-ECG\Multi_LT_circuit.SchDoc with Pad from SamacSys.SchLib
Replace Part P14 Pad in G:\(C) Admin\Altium (beta)\Multi LTC\Multi-LTC-ECG\Multi_LT_circuit.SchDoc with Pad from SamacSys.SchLib
Replace Part P15 Pad in G:\(C) Admin\Altium (beta)\Multi LTC\Multi-LTC-ECG\Multi_LT_circuit.SchDoc with Pad from SamacSys.SchLib
Replace Part P16 Pad in G:\(C) Admin\Altium (beta)\Multi LTC\Multi-LTC-ECG\Multi_LT_circuit.SchDoc with Pad from SamacSys.SchLib
Replace Part P17 Pad in G:\(C) Admin\Altium (beta)\Multi LTC\Multi-LTC-ECG\Multi_LT_circuit.SchDoc with Pad from SamacSys.SchLib
Replace Part P18 Pad in G:\(C) Admin\Altium (beta)\Multi LTC\Multi-LTC-ECG\Multi_LT_circuit.SchDoc with Pad from SamacSys.SchLib
Replace Part P19 Pad in G:\(C) Admin\Altium (beta)\Multi LTC\Multi-LTC-ECG\Multi_LT_circuit.SchDoc with Pad from SamacSys.SchLib
Replace Part P20 Pad in G:\(C) Admin\Altium (beta)\Multi LTC\Multi-LTC-ECG\Multi_LT_circuit.SchDoc with Pad from SamacSys.SchLib
Replace Part P21 Pad in G:\(C) Admin\Altium (beta)\Multi LTC\Multi-LTC-ECG\Multi_LT_circuit.SchDoc with Pad from SamacSys.SchLib
Replace Part P22 Pad in G:\(C) Admin\Altium (beta)\Multi LTC\Multi-LTC-ECG\Multi_LT_circuit.SchDoc with Pad from SamacSys.SchLib
Replace Part R1 CRGH0805F1M0 in G:\(C) Admin\Altium (beta)\Multi LTC\Multi-LTC-ECG\Multi_LT_circuit.SchDoc with CRGH0805F1M0 from SamacSys.SchLib
Replace Part R2 CRGH0805F1K0 in G:\(C) Admin\Altium (beta)\Multi LTC\Multi-LTC-ECG\Multi_LT_circuit.SchDoc with CRGH0805F1K0 from SamacSys.SchLib
Replace Part R3 CRGH0805F2K05 in G:\(C) Admin\Altium (beta)\Multi LTC\Multi-LTC-ECG\Multi_LT_circuit.SchDoc with CRGH0805F2K05 from SamacSys.SchLib
Replace Part R4 CRGH0805J10M in G:\(C) Admin\Altium (beta)\Multi LTC\Multi-LTC-ECG\Multi_LT_circuit.SchDoc with CRGH0805J10M from SamacSys.SchLib
Replace Part R5 CRG0805F5K49 in G:\(C) Admin\Altium (beta)\Multi LTC\Multi-LTC-ECG\Multi_LT_circuit.SchDoc with CRG0805F5K49 from SamacSys.SchLib
Replace Part R6 CRGH0805F16K5 in G:\(C) Admin\Altium (beta)\Multi LTC\Multi-LTC-ECG\Multi_LT_circuit.SchDoc with CRGH0805F16K5 from SamacSys.SchLib
Replace Part R7 CRG0805F100K in G:\(C) Admin\Altium (beta)\Multi LTC\Multi-LTC-ECG\Multi_LT_circuit.SchDoc with CRG0805F100K from SamacSys.SchLib
Replace Part R8 CRG0805F100K in G:\(C) Admin\Altium (beta)\Multi LTC\Multi-LTC-ECG\Multi_LT_circuit.SchDoc with CRG0805F100K from SamacSys.SchLib
Replace Part R9 CRGH0805F1M0 in G:\(C) Admin\Altium (beta)\Multi LTC\Multi-LTC-ECG\Multi_LT_circuit.SchDoc with CRGH0805F1M0 from SamacSys.SchLib
Replace Part R10 CRGH0805F1M0 in G:\(C) Admin\Altium (beta)\Multi LTC\Multi-LTC-ECG\Multi_LT_circuit.SchDoc with CRGH0805F1M0 from SamacSys.SchLib
Replace Part R11 CRG0805F100K in G:\(C) Admin\Altium (beta)\Multi LTC\Multi-LTC-ECG\Multi_LT_circuit.SchDoc with CRG0805F100K from SamacSys.SchLib
Replace Part R12 CRGH0805J10M in G:\(C) Admin\Altium (beta)\Multi LTC\Multi-LTC-ECG\Multi_LT_circuit.SchDoc with CRGH0805J10M from SamacSys.SchLib
Replace Part R13 CRGH0805F10K in G:\(C) Admin\Altium (beta)\Multi LTC\Multi-LTC-ECG\Multi_LT_circuit.SchDoc with CRGH0805F10K from SamacSys.SchLib
Replace Part R14 CRGH0805F1K0 in G:\(C) Admin\Altium (beta)\Multi LTC\Multi-LTC-ECG\Multi_LT_circuit.SchDoc with CRGH0805F1K0 from SamacSys.SchLib
Replace Part R15 CPF0805B499KE1 in G:\(C) Admin\Altium (beta)\Multi LTC\Multi-LTC-ECG\Multi_LT_circuit.SchDoc with CPF0805B499KE1 from SamacSys.SchLib
Replace Part R16 CPF0805B499KE1 in G:\(C) Admin\Altium (beta)\Multi LTC\Multi-LTC-ECG\Multi_LT_circuit.SchDoc with CPF0805B499KE1 from SamacSys.SchLib
Replace Part R17 CRGH0805F191K in G:\(C) Admin\Altium (beta)\Multi LTC\Multi-LTC-ECG\Multi_LT_circuit.SchDoc with CRGH0805F191K from SamacSys.SchLib
Replace Part R18 CPF0805B499KE1 in G:\(C) Admin\Altium (beta)\Multi LTC\Multi-LTC-ECG\Multi_LT_circuit.SchDoc with CPF0805B499KE1 from SamacSys.SchLib
Replace Part R19 CPF0805B1M6E1 in G:\(C) Admin\Altium (beta)\Multi LTC\Multi-LTC-ECG\Multi_LT_circuit.SchDoc with CPF0805B1M6E1 from SamacSys.SchLib
Replace Part R20 CRGH0805F76K8 in G:\(C) Admin\Altium (beta)\Multi LTC\Multi-LTC-ECG\Multi_LT_circuit.SchDoc with CRGH0805F76K8 from SamacSys.SchLib
Replace Part R21 CPF-A-0805B200KE in G:\(C) Admin\Altium (beta)\Multi LTC\Multi-LTC-ECG\Multi_LT_circuit.SchDoc with CPF-A-0805B200KE from SamacSys.SchLib
Replace Part R22 CRGH0805F14K7 in G:\(C) Admin\Altium (beta)\Multi LTC\Multi-LTC-ECG\Multi_LT_circuit.SchDoc with CRGH0805F14K7 from SamacSys.SchLib
Replace Part R23 CPF-A-0805B49K9E1 in G:\(C) Admin\Altium (beta)\Multi LTC\Multi-LTC-ECG\Multi_LT_circuit.SchDoc with CPF-A-0805B49K9E1 from SamacSys.SchLib
Replace Part R24 CRGH0805F15K in G:\(C) Admin\Altium (beta)\Multi LTC\Multi-LTC-ECG\Multi_LT_circuit.SchDoc with CRGH0805F15K from SamacSys.SchLib
Replace Part R25 CPF0805B1M6E1 in G:\(C) Admin\Altium (beta)\Multi LTC\Multi-LTC-ECG\Multi_LT_circuit.SchDoc with CPF0805B1M6E1 from SamacSys.SchLib
Replace Part R26 CPF0805B1M6E1 in G:\(C) Admin\Altium (beta)\Multi LTC\Multi-LTC-ECG\Multi_LT_circuit.SchDoc with CPF0805B1M6E1 from SamacSys.SchLib
Replace Part R27 CRGH0805F14K7 in G:\(C) Admin\Altium (beta)\Multi LTC\Multi-LTC-ECG\Multi_LT_circuit.SchDoc with CRGH0805F14K7 from SamacSys.SchLib
Replace Part R28 CPF-A-0805B200KE in G:\(C) Admin\Altium (beta)\Multi LTC\Multi-LTC-ECG\Multi_LT_circuit.SchDoc with CPF-A-0805B200KE from SamacSys.SchLib
Replace Part R29 CRGH0805F76K8 in G:\(C) Admin\Altium (beta)\Multi LTC\Multi-LTC-ECG\Multi_LT_circuit.SchDoc with CRGH0805F76K8 from SamacSys.SchLib
Replace Part R30 CPF-A-0805B49K9E1 in G:\(C) Admin\Altium (beta)\Multi LTC\Multi-LTC-ECG\Multi_LT_circuit.SchDoc with CPF-A-0805B49K9E1 from SamacSys.SchLib
Replace Part R31 CPF0805B499KE1 in G:\(C) Admin\Altium (beta)\Multi LTC\Multi-LTC-ECG\Multi_LT_circuit.SchDoc with CPF0805B499KE1 from SamacSys.SchLib
Replace Part R32 CRGH0805F15K in G:\(C) Admin\Altium (beta)\Multi LTC\Multi-LTC-ECG\Multi_LT_circuit.SchDoc with CRGH0805F15K from SamacSys.SchLib
Replace Part R33 CPF0805B499KE1 in G:\(C) Admin\Altium (beta)\Multi LTC\Multi-LTC-ECG\Multi_LT_circuit.SchDoc with CPF0805B499KE1 from SamacSys.SchLib
Replace Part R34 CPF0805B1M6E1 in G:\(C) Admin\Altium (beta)\Multi LTC\Multi-LTC-ECG\Multi_LT_circuit.SchDoc with CPF0805B1M6E1 from SamacSys.SchLib
Replace Part R35 CPF0805B499KE1 in G:\(C) Admin\Altium (beta)\Multi LTC\Multi-LTC-ECG\Multi_LT_circuit.SchDoc with CPF0805B499KE1 from SamacSys.SchLib
Replace Part R36 CRGH0805F191K in G:\(C) Admin\Altium (beta)\Multi LTC\Multi-LTC-ECG\Multi_LT_circuit.SchDoc with CRGH0805F191K from SamacSys.SchLib
Replace Part S1 CS-4-14NA in G:\(C) Admin\Altium (beta)\Multi LTC\Multi-LTC-ECG\Multi_LT_circuit.SchDoc with CS-4-14NA from SamacSys.SchLib
Replace Part S2 CS-4-14NA in G:\(C) Admin\Altium (beta)\Multi LTC\Multi-LTC-ECG\Multi_LT_circuit.SchDoc with CS-4-14NA from SamacSys.SchLib
Replace Part S3 CS-4-14NA in G:\(C) Admin\Altium (beta)\Multi LTC\Multi-LTC-ECG\Multi_LT_circuit.SchDoc with CS-4-14NA from SamacSys.SchLib
Replace Part S4 CS-4-14NA in G:\(C) Admin\Altium (beta)\Multi LTC\Multi-LTC-ECG\Multi_LT_circuit.SchDoc with CS-4-14NA from SamacSys.SchLib
Replace Part S5 CS-4-14NA in G:\(C) Admin\Altium (beta)\Multi LTC\Multi-LTC-ECG\Multi_LT_circuit.SchDoc with CS-4-14NA from SamacSys.SchLib
Replace Part S6 CS-4-22YA in G:\(C) Admin\Altium (beta)\Multi LTC\Multi-LTC-ECG\Multi_LT_circuit.SchDoc with CS-4-22YA from SamacSys.SchLib
Replace Part S7 CS-4-14NA in G:\(C) Admin\Altium (beta)\Multi LTC\Multi-LTC-ECG\Multi_LT_circuit.SchDoc with CS-4-14NA from SamacSys.SchLib
Replace Part S8 CS-4-14NA in G:\(C) Admin\Altium (beta)\Multi LTC\Multi-LTC-ECG\Multi_LT_circuit.SchDoc with CS-4-14NA from SamacSys.SchLib
Replace Part S9 CS-4-14NA in G:\(C) Admin\Altium (beta)\Multi LTC\Multi-LTC-ECG\Multi_LT_circuit.SchDoc with CS-4-14NA from SamacSys.SchLib
