Change Component Designator: OldDesignator=C2 NewDesignator=C3
Change Component Designator: OldDesignator=C3 NewDesignator=C2
Change Component Designator: OldDesignator=IC3 NewDesignator=IC4
Change Component Designator: OldDesignator=IC4 NewDesignator=IC5
Change Component Designator: OldDesignator=IC5 NewDesignator=IC8
Change Component Designator: OldDesignator=IC6 NewDesignator=IC3
Change Component Designator: OldDesignator=IC7 NewDesignator=IC6
Change Component Designator: OldDesignator=IC8 NewDesignator=IC7
Change Component Designator: OldDesignator=P1 NewDesignator=P3
Change Component Designator: OldDesignator=P2 NewDesignator=P4
Change Component Designator: OldDesignator=P3 NewDesignator=P7
Change Component Designator: OldDesignator=P4 NewDesignator=P10
Change Component Designator: OldDesignator=P5 NewDesignator=P11
Change Component Designator: OldDesignator=P6 NewDesignator=P1
Change Component Designator: OldDesignator=P7 NewDesignator=P2
Change Component Designator: OldDesignator=P8 NewDesignator=P5
Change Component Designator: OldDesignator=P9 NewDesignator=P6
Change Component Designator: OldDesignator=P10 NewDesignator=P8
Change Component Designator: OldDesignator=P11 NewDesignator=P9
Change Component Designator: OldDesignator=S2 NewDesignator=S3
Change Component Designator: OldDesignator=S3 NewDesignator=S4
Change Component Designator: OldDesignator=S4 NewDesignator=S6
Change Component Designator: OldDesignator=S5 NewDesignator=S7
Change Component Designator: OldDesignator=S6 NewDesignator=S9
Change Component Designator: OldDesignator=S7 NewDesignator=S2
Change Component Designator: OldDesignator=S8 NewDesignator=S5
Change Component Designator: OldDesignator=S9 NewDesignator=S8
Change Net Name : Old Net Name=NetC2_2 New Net Name=NetC3_2
Change Net Name : Old Net Name=NetC3_1 New Net Name=NetC2_1
Change Net Name : Old Net Name=NetC3_2 New Net Name=NetC2_2
Change Net Name : Old Net Name=NetIC3_2 New Net Name=NetIC4_2
Change Net Name : Old Net Name=NetIC4_3 New Net Name=NetIC5_3
Change Net Name : Old Net Name=NetIC5_3 New Net Name=NetIC8_3
Change Net Name : Old Net Name=NetIC6_3 New Net Name=NetIC3_3
Change Net Name : Old Net Name=NetIC6_4 New Net Name=NetIC3_4
Added Room: Name=Multi_LT_circuit
