Change Component Designator: Old Designator=C1 New Designator=C?
Change Component Designator: Old Designator=C2 New Designator=C?
Change Component Designator: Old Designator=C3 New Designator=C?
Change Component Designator: Old Designator=C4 New Designator=C?
Change Component Designator: Old Designator=IC1 New Designator=IC?
Change Component Designator: Old Designator=IC2 New Designator=IC?
Change Component Designator: Old Designator=IC3 New Designator=IC?
Change Component Designator: Old Designator=IC4 New Designator=IC?
Change Component Designator: Old Designator=IC5 New Designator=IC?
Change Component Designator: Old Designator=IC6 New Designator=IC?
Change Component Designator: Old Designator=IC7 New Designator=IC?
Change Component Designator: Old Designator=IC8 New Designator=IC?
Change Component Designator: Old Designator=P1 New Designator=P?
Change Component Designator: Old Designator=P2 New Designator=P?
Change Component Designator: Old Designator=P3 New Designator=P?
Change Component Designator: Old Designator=P4 New Designator=P?
Change Component Designator: Old Designator=P5 New Designator=P?
Change Component Designator: Old Designator=P6 New Designator=P?
Change Component Designator: Old Designator=P7 New Designator=P?
Change Component Designator: Old Designator=P8 New Designator=P?
Change Component Designator: Old Designator=P9 New Designator=P?
Change Component Designator: Old Designator=P10 New Designator=P?
Change Component Designator: Old Designator=P11 New Designator=P?
Change Component Designator: Old Designator=P12 New Designator=P?
Change Component Designator: Old Designator=P13 New Designator=P?
Change Component Designator: Old Designator=P14 New Designator=P?
Change Component Designator: Old Designator=P15 New Designator=P?
Change Component Designator: Old Designator=P16 New Designator=P?
Change Component Designator: Old Designator=P17 New Designator=P?
Change Component Designator: Old Designator=P18 New Designator=P?
Change Component Designator: Old Designator=R1 New Designator=R?
Change Component Designator: Old Designator=R2 New Designator=R?
Change Component Designator: Old Designator=R3 New Designator=R?
Change Component Designator: Old Designator=R4 New Designator=R?
Change Component Designator: Old Designator=R5 New Designator=R?
Change Component Designator: Old Designator=R6 New Designator=R?
Change Component Designator: Old Designator=R7 New Designator=R?
Change Component Designator: Old Designator=R8 New Designator=R?
Change Component Designator: Old Designator=R9 New Designator=R?
Change Component Designator: Old Designator=R10 New Designator=R?
Change Component Designator: Old Designator=R11 New Designator=R?
Change Component Designator: Old Designator=R12 New Designator=R?
Change Component Designator: Old Designator=R13 New Designator=R?
Change Component Designator: Old Designator=R14 New Designator=R?
Change Component Designator: Old Designator=R15 New Designator=R?
Change Component Designator: Old Designator=R16 New Designator=R?
Change Component Designator: Old Designator=R17 New Designator=R?
Change Component Designator: Old Designator=R18 New Designator=R?
Change Component Designator: Old Designator=R19 New Designator=R?
Change Component Designator: Old Designator=R20 New Designator=R?
Change Component Designator: Old Designator=R21 New Designator=R?
Change Component Designator: Old Designator=R22 New Designator=R?
Change Component Designator: Old Designator=R23 New Designator=R?
Change Component Designator: Old Designator=R24 New Designator=R?
Change Component Designator: Old Designator=R25 New Designator=R?
Change Component Designator: Old Designator=R26 New Designator=R?
Change Component Designator: Old Designator=R27 New Designator=R?
Change Component Designator: Old Designator=R28 New Designator=R?
Change Component Designator: Old Designator=R29 New Designator=R?
Change Component Designator: Old Designator=R30 New Designator=R?
Change Component Designator: Old Designator=R31 New Designator=R?
Change Component Designator: Old Designator=R32 New Designator=R?
Change Component Designator: Old Designator=R33 New Designator=R?
Change Component Designator: Old Designator=R34 New Designator=R?
Change Component Designator: Old Designator=R35 New Designator=R?
Change Component Designator: Old Designator=R36 New Designator=R?
Change Component Designator: Old Designator=S1 New Designator=S?
Change Component Designator: Old Designator=S2 New Designator=S?
Change Component Designator: Old Designator=S3 New Designator=S?
Change Component Designator: Old Designator=S4 New Designator=S?
Change Component Designator: Old Designator=S5 New Designator=S?
Change Component Designator: Old Designator=S6 New Designator=S?
Change Component Designator: Old Designator=S7 New Designator=S?
Change Component Designator: Old Designator=S8 New Designator=S?
Change Component Designator: Old Designator=S9 New Designator=S?
Change Component Designator: Old Designator=S10 New Designator=S?
